2025-05-14 17:02:08.278 [info] Extension host with pid 4392 started
2025-05-14 17:02:08.278 [error] Error: EEXIST: file already exists, open '/home/ubongmarshalinwang/.codeoss/data/User/workspaceStorage/-695de0f3/vscode.lock'
2025-05-14 17:02:08.305 [info] Lock '/home/ubongmarshalinwang/.codeoss/data/User/workspaceStorage/-695de0f3/vscode.lock': Could not acquire lock, checking if the file is stale.
2025-05-14 17:02:08.320 [info] Lock '/home/ubongmarshalinwang/.codeoss/data/User/workspaceStorage/-695de0f3/vscode.lock': The lock does not look stale, elapsed: 612 ms, giving up.
2025-05-14 17:02:08.337 [info] Lock '/home/ubongmarshalinwang/.codeoss/data/User/workspaceStorage/-695de0f3-1/vscode.lock': Lock acquired.
2025-05-14 17:02:08.611 [info] ExtensionService#_doActivateExtension vscode.emmet, startup: false, activationEvent: 'onLanguage'
2025-05-14 17:02:08.613 [info] ExtensionService#_doActivateExtension vscode.typescript-language-features, startup: false, activationEvent: 'onLanguage:javascript'
2025-05-14 17:02:09.161 [info] ExtensionService#_doActivateExtension vscode.git-base, startup: true, activationEvent: '*', root cause: vscode.git
2025-05-14 17:02:09.202 [info] ExtensionService#_doActivateExtension vscode.npm, startup: true, activationEvent: 'workspaceContains:package.json'
2025-05-14 17:02:09.839 [info] ExtensionService#_doActivateExtension vscode.git, startup: true, activationEvent: '*'
2025-05-14 17:02:09.841 [info] ExtensionService#_doActivateExtension vscode.github, startup: true, activationEvent: '*'
2025-05-14 17:02:11.944 [warning] [Decorations] CAPPING events from decorations provider vscode.git 2997
2025-05-14 17:02:14.646 [warning] [Decorations] CAPPING events from decorations provider vscode.git 2997
2025-05-14 17:02:16.256 [info] Not activating extension 'redhat.java': Timed out while searching for 'workspaceContains' pattern */pom.xml,*/build.gradle,*/settings.gradle,*/build.gradle.kts,*/settings.gradle.kts,*/.classpath
2025-05-14 17:02:16.260 [info] Not activating extension 'vscjava.vscode-java-dependency': Timed out while searching for 'workspaceContains' pattern */pom.xml,*/build.gradle,*/settings.gradle,*/build.gradle.kts,*/settings.gradle.kts,*/.classpath
2025-05-14 17:02:16.263 [info] Not activating extension 'vscjava.vscode-java-test': Timed out while searching for 'workspaceContains' pattern */pom.xml,*/build.gradle,*/settings.gradle,*/build.gradle.kts,*/settings.gradle.kts,*/.classpath
2025-05-14 17:02:16.263 [info] Not activating extension 'vscjava.vscode-maven': Timed out while searching for 'workspaceContains' pattern **/pom.xml
2025-05-14 17:02:19.187 [info] ExtensionService#_doActivateExtension EditorConfig.EditorConfig, startup: false, activationEvent: 'onStartupFinished'
2025-05-14 17:02:19.192 [info] ExtensionService#_doActivateExtension google.cloud-shell, startup: false, activationEvent: 'onStartupFinished'
2025-05-14 17:02:19.192 [info] ExtensionService#_doActivateExtension google.geminicodeassist, startup: false, activationEvent: 'onStartupFinished', root cause: googlecloudtools.cloudcode
2025-05-14 17:02:19.193 [info] ExtensionService#_doActivateExtension vscode.debug-auto-launch, startup: false, activationEvent: 'onStartupFinished'
2025-05-14 17:02:19.198 [info] ExtensionService#_doActivateExtension vscode.merge-conflict, startup: false, activationEvent: 'onStartupFinished'
2025-05-14 17:02:57.715 [info] Eager extensions activated
2025-05-14 17:02:58.587 [info] ExtensionService#_doActivateExtension vscode.configuration-editing, startup: false, activationEvent: 'onLanguage:jsonc'
2025-05-14 17:02:58.587 [info] ExtensionService#_doActivateExtension vscode.json-language-features, startup: false, activationEvent: 'onLanguage:jsonc'
2025-05-14 17:03:03.291 [error] unauthorized. cloudshell.authorize {"value":"google.cloud-shell","_lower":"google.cloud-shell"}
2025-05-14 17:03:03.335 [info] ExtensionService#_doActivateExtension googlecloudtools.cloudcode, startup: false, activationEvent: 'onStartupFinished'
2025-05-14 17:03:05.932 [warning] [Decorations] CAPPING events from decorations provider vscode.git 3003
2025-05-14 17:03:11.110 [warning] [Decorations] CAPPING events from decorations provider vscode.git 3004
2025-05-14 17:03:13.164 [error] unauthorized. cloudshell.authorize {"value":"google.cloud-shell","_lower":"google.cloud-shell"}
2025-05-14 17:03:14.365 [warning] [Decorations] CAPPING events from decorations provider vscode.git 3005
2025-05-14 17:03:16.230 [warning] [Decorations] CAPPING events from decorations provider vscode.git 3005
2025-05-14 17:03:19.182 [error] unauthorized. cloudshell.authorize {"value":"google.cloud-shell","_lower":"google.cloud-shell"}
2025-05-14 17:03:33.550 [info] ExtensionService#_doActivateExtension vscode.extension-editing, startup: false, activationEvent: 'onLanguage:json'
2025-05-14 17:03:34.588 [warning] [Decorations] CAPPING events from decorations provider vscode.git 3006
2025-05-14 17:03:35.117 [warning] [Decorations] CAPPING events from decorations provider vscode.git 3006
2025-05-14 17:04:03.916 [warning] [Decorations] CAPPING events from decorations provider vscode.git 3006
2025-05-14 17:05:32.441 [warning] [Decorations] CAPPING events from decorations provider vscode.git 3006
2025-05-14 17:05:37.643 [warning] [Decorations] CAPPING events from decorations provider vscode.git 3006
2025-05-14 17:05:46.469 [warning] [Decorations] CAPPING events from decorations provider vscode.git 3006
2025-05-14 17:06:20.656 [warning] [Decorations] CAPPING events from decorations provider vscode.git 3006
2025-05-14 17:06:25.775 [warning] [Decorations] CAPPING events from decorations provider vscode.git 3006
2025-05-14 17:13:52.382 [warning] [Decorations] CAPPING events from decorations provider vscode.git 3002
2025-05-14 17:13:57.609 [warning] [Decorations] CAPPING events from decorations provider vscode.git 3002
2025-05-14 17:14:03.997 [warning] [Decorations] CAPPING events from decorations provider vscode.git 3002
2025-05-14 17:14:09.130 [warning] [Decorations] CAPPING events from decorations provider vscode.git 3002
2025-05-14 17:14:14.242 [warning] [Decorations] CAPPING events from decorations provider vscode.git 3002
2025-05-14 17:14:22.628 [warning] [Decorations] CAPPING events from decorations provider vscode.git 3002
2025-05-14 17:14:41.060 [warning] [Decorations] CAPPING events from decorations provider vscode.git 3002
2025-05-14 17:14:46.179 [warning] [Decorations] CAPPING events from decorations provider vscode.git 3003
2025-05-14 17:15:03.391 [warning] [Decorations] CAPPING events from decorations provider vscode.git 3003
2025-05-14 17:15:08.490 [warning] [Decorations] CAPPING events from decorations provider vscode.git 3004
2025-05-14 17:15:16.143 [warning] [Decorations] CAPPING events from decorations provider vscode.git 3004
2025-05-14 17:15:29.799 [warning] [Decorations] CAPPING events from decorations provider vscode.git 3004
2025-05-14 17:16:56.212 [warning] [Decorations] CAPPING events from decorations provider vscode.git 3004
2025-05-14 17:18:53.176 [info] ExtensionService#_doActivateExtension vscode.github-authentication, startup: false, activationEvent: 'onAuthenticationRequest:github'
