Initializing document watcher...
Document watcher initialized
/home/ubongmarshalinwang/.codeoss/cli/serve-web-key-half: {}
/home/ubongmarshalinwang/.codeoss/cli/serve-web-key-half: {}
/home/ubongmarshalinwang/.codeoss/cli/serve-web-key-half: {}
ubongmarshalinwang/.git/COMMIT_EDITMSG: {}
ubongmarshalinwang/application.js: {}
ubongmarshalinwang/application.js: {}
ubongmarshalinwang/application.js: {}
ubongmarshalinwang/application.js: {}
ubongmarshalinwang/application.js: {}
ubongmarshalinwang/application.js: {}
ubongmarshalinwang/application.js: {}
ubongmarshalinwang/application.js: {}
ubongmarshalinwang/application.js: {}
ubongmarshalinwang/application.js: {}
ubongmarshalinwang/application.js: {}
ubongmarshalinwang/application.js: {}
ubongmarshalinwang/application.js: {}
ubongmarshalinwang/application.js: {}
ubongmarshalinwang/application.js: {}
ubongmarshalinwang/application.js: {}
ubongmarshalinwang/application.js: {}
ubongmarshalinwang/application.js: {}
ubongmarshalinwang/.gitignore: {}
ubongmarshalinwang/.gitignore: {}
ubongmarshalinwang/.gitignore: Using EditorConfig core...
ubongmarshalinwang/.gitignore: Using EditorConfig core...
ubongmarshalinwang/.gitignore: {}
ubongmarshalinwang/.gitignore: {}
ubongmarshalinwang/.gitignore: {}
ubongmarshalinwang/.gitignore: {}
ubongmarshalinwang/.gitignore: {}
ubongmarshalinwang/.gitignore: {}
ubongmarshalinwang/.gitignore: {}
ubongmarshalinwang/.gitignore: {}
ubongmarshalinwang/.gitignore: {}
ubongmarshalinwang/.gitignore: {}
ubongmarshalinwang/.gitignore: {}
ubongmarshalinwang/.gitignore: {}
ubongmarshalinwang/.gitignore: {}
ubongmarshalinwang/.gitignore: {}
ubongmarshalinwang/.gitignore: {}
ubongmarshalinwang/.gitignore: Using EditorConfig core...
ubongmarshalinwang/.gitignore: {}
ubongmarshalinwang/.gitignore: {}
vscode.git.Git: {}
ubongmarshalinwang/.gitignore: {}
ubongmarshalinwang/.gitignore: {}
ubongmarshalinwang/.gitignore: {}
ubongmarshalinwang/.gitignore: {}
ubongmarshalinwang/.gitignore: {}
ubongmarshalinwang/.gitignore: {}
ubongmarshalinwang/.gitignore: {}
ubongmarshalinwang/.gitignore: {}
ubongmarshalinwang/.gitignore: {}
ubongmarshalinwang/.gitignore: {}
ubongmarshalinwang/.gitignore: {}
ubongmarshalinwang/.gitignore: {}
ubongmarshalinwang/.gitignore: {}
No more open editors.
No more open editors.
No more open editors.
No more open editors.
vscode.git.Git: {}
ubongmarshalinwang/.gitignore: {}
vscode.git.Git: {}
ubongmarshalinwang/.gitignore: {}
vscode.git.Git: {}
vscode.git.Git: {}
ubongmarshalinwang/.gitignore: {}
ubongmarshalinwang/.gitignore: {}
ubongmarshalinwang/.gitignore: {}
ubongmarshalinwang/.gitignore: {}
ubongmarshalinwang/.gitignore: {}
ubongmarshalinwang/.gitignore: {}
ubongmarshalinwang/.gitignore: {}
ubongmarshalinwang/.gitignore: {}
ubongmarshalinwang/.gitignore: {}
ubongmarshalinwang/.gitignore: {}
ubongmarshalinwang/.gitignore: {}
ubongmarshalinwang/.gitignore: {}
ubongmarshalinwang/.gitignore: {}
ubongmarshalinwang/.gitignore: {}
ubongmarshalinwang/.gitignore: {}
ubongmarshalinwang/.gitignore: {}
ubongmarshalinwang/.gitignore: {}
ubongmarshalinwang/.gitignore: {}
ubongmarshalinwang/.gitignore: {}
ubongmarshalinwang/.gitignore: {}
ubongmarshalinwang/.gitignore: {}
ubongmarshalinwang/.gitignore: {}
ubongmarshalinwang/.gitignore: {}
ubongmarshalinwang/.gitignore: {}
ubongmarshalinwang/.gitignore: {}
ubongmarshalinwang/.gitignore: {}
ubongmarshalinwang/.gitignore: {}
ubongmarshalinwang/.gitignore: {}
ubongmarshalinwang/.gitignore: {}
vscode.git.Git: {}
vscode.git.Git: {}
vscode.git.Git: {}
vscode.git.Git: {}
vscode.git.Git: {}
ubongmarshalinwang/.gitignore: {}
ubongmarshalinwang/.gitignore: {}
ubongmarshalinwang/.gitignore: {}
ubongmarshalinwang/.gitignore: {}
ubongmarshalinwang/.gitignore: {}
ubongmarshalinwang/.gitignore: {}
ubongmarshalinwang/.gitignore: {}
ubongmarshalinwang/.gitignore: {}
ubongmarshalinwang/.gitignore: {}
ubongmarshalinwang/.gitignore: Using EditorConfig core...
vscode.github.GitHub: {}
ubongmarshalinwang/.gitignore: {}
ubongmarshalinwang/.gitignore: {}
ubongmarshalinwang/.gitignore: {}
ubongmarshalinwang/.gitignore: {}
ubongmarshalinwang/.gitignore: {}
ubongmarshalinwang/.gitignore: {}
ubongmarshalinwang/.gitignore: {}
ubongmarshalinwang/.gitignore: {}
/User/settings.json: Using EditorConfig core...
ubongmarshalinwang/.gitignore: {}
ubongmarshalinwang/.gitignore: {}
vscode.git.Git: {}
No more open editors.
No more open editors.
ubongmarshalinwang/.gitignore: {}
ubongmarshalinwang/.gitignore: {}
ubongmarshalinwang/.gitignore: {}
ubongmarshalinwang/.gitignore: {}
ubongmarshalinwang/.gitignore: {}
ubongmarshalinwang/.gitignore: {}
ubongmarshalinwang/.gitignore: {}
ubongmarshalinwang/.gitignore: {}
ubongmarshalinwang/.gitignore: {}
ubongmarshalinwang/.gitignore: {}
ubongmarshalinwang/.gitignore: {}
ubongmarshalinwang/.gitignore: Using EditorConfig core...
ubongmarshalinwang/.gitignore: Using EditorConfig core...
ubongmarshalinwang/.gitignore: Using EditorConfig core...
