2025-05-15 05:15:20.318 [info] Reading sessions from keychain...
2025-05-15 05:15:20.318 [info] Getting sessions for all scopes...
2025-05-15 05:15:20.318 [info] Got stored sessions!
2025-05-15 05:15:20.318 [info] Got 1 verified sessions.
2025-05-15 05:15:20.318 [info] Got 1 sessions for ...
2025-05-15 05:15:20.427 [info] Getting sessions for read:user,repo,user:email,workflow...
2025-05-15 05:15:20.427 [info] Got 1 sessions for read:user,repo,user:email,workflow...
2025-05-15 05:15:21.683 [info] Getting sessions for read:user,repo,user:email,workflow...
2025-05-15 05:15:21.683 [info] Got 1 sessions for read:user,repo,user:email,workflow...
2025-05-15 05:20:55.186 [info] Getting sessions for read:user,repo,user:email,workflow...
2025-05-15 05:20:55.186 [info] Got 1 sessions for read:user,repo,user:email,workflow...
2025-05-15 05:25:04.908 [info] Getting sessions for read:user,repo,user:email,workflow...
2025-05-15 05:25:04.908 [info] Got 1 sessions for read:user,repo,user:email,workflow...
2025-05-15 05:31:58.077 [info] Getting sessions for read:user,repo,user:email,workflow...
2025-05-15 05:31:58.077 [info] Got 1 sessions for read:user,repo,user:email,workflow...
2025-05-15 05:34:16.379 [info] Getting sessions for read:user,repo,user:email,workflow...
2025-05-15 05:34:16.379 [info] Got 1 sessions for read:user,repo,user:email,workflow...
2025-05-15 05:39:39.601 [info] Getting sessions for read:user,repo,user:email,workflow...
2025-05-15 05:39:39.601 [info] Got 1 sessions for read:user,repo,user:email,workflow...
2025-05-15 06:04:26.278 [info] Getting sessions for read:user,repo,user:email,workflow...
2025-05-15 06:04:26.278 [info] Got 1 sessions for read:user,repo,user:email,workflow...
2025-05-15 06:09:12.871 [info] Getting sessions for read:user,repo,user:email,workflow...
2025-05-15 06:09:12.871 [info] Got 1 sessions for read:user,repo,user:email,workflow...
2025-05-15 07:07:03.521 [info] Getting sessions for read:user,repo,user:email,workflow...
2025-05-15 07:07:03.521 [info] Got 1 sessions for read:user,repo,user:email,workflow...
2025-05-15 07:39:09.362 [info] Getting sessions for read:user,repo,user:email,workflow...
2025-05-15 07:39:09.362 [info] Got 1 sessions for read:user,repo,user:email,workflow...
2025-05-15 07:47:33.466 [info] Getting sessions for read:user,repo,user:email,workflow...
2025-05-15 07:47:33.466 [info] Got 1 sessions for read:user,repo,user:email,workflow...
