2025-05-14 08:44:39.761 [info] read schema from vscode: vscode://schemas/vscode-extensions
2025-05-14 08:44:40.451 [info] read schema from vscode: vscode://schemas/settings/configurationDefaults
2025-05-14 08:44:43.041 [info] read schema from vscode: vscode://schemas/settings/resourceLanguage
2025-05-14 08:44:43.203 [info] read schema from vscode: vscode://schemas/token-styling
2025-05-14 08:44:43.204 [info] read schema from vscode: vscode://schemas/textmate-colors
2025-05-14 08:44:43.209 [info] read schema from vscode: vscode://schemas/workbench-colors
2025-05-14 08:45:36.291 [info] schema change detected vscode://schemas/settings/resourceLanguage
2025-05-14 08:45:36.307 [info] schema change detected vscode://schemas/settings/configurationDefaults
2025-05-14 08:45:36.378 [info] read schema from vscode: vscode://schemas/vscode-extensions
2025-05-14 08:45:37.653 [info] read schema from vscode: vscode://schemas/settings/configurationDefaults
2025-05-14 08:45:40.775 [info] read schema from vscode: vscode://schemas/settings/resourceLanguage
2025-05-14 09:09:49.749 [info] schema change detected vscode://schemas/settings/configurationDefaults
2025-05-14 09:09:49.795 [info] read schema from vscode: vscode://schemas/vscode-extensions
2025-05-14 09:09:50.650 [info] read schema from vscode: vscode://schemas/settings/configurationDefaults
2025-05-14 09:29:28.116 [info] schema change detected vscode://schemas/settings/configurationDefaults
2025-05-14 09:29:28.121 [info] read schema from vscode: vscode://schemas/vscode-extensions
2025-05-14 09:29:28.595 [info] read schema from vscode: vscode://schemas/settings/configurationDefaults
2025-05-14 10:30:19.168 [info] schema change detected vscode://schemas/settings/configurationDefaults
2025-05-14 10:30:19.191 [info] schema change detected vscode://schemas/settings/configurationDefaults
2025-05-14 10:30:19.234 [info] read schema from vscode: vscode://schemas/vscode-extensions
2025-05-14 10:32:20.001 [info] read schema from vscode: vscode://schemas/settings/configurationDefaults
2025-05-14 11:24:24.040 [info] schema change detected vscode://schemas/settings/configurationDefaults
2025-05-14 11:25:19.238 [info] schema change detected vscode://schemas/settings/configurationDefaults
2025-05-14 11:26:19.301 [info] schema change detected vscode://schemas/settings/configurationDefaults
2025-05-14 11:39:18.968 [info] schema change detected vscode://schemas/settings/configurationDefaults
2025-05-14 12:42:07.926 [info] schema change detected vscode://schemas/settings/configurationDefaults
2025-05-14 13:42:18.838 [info] schema change detected vscode://schemas/settings/configurationDefaults
