2025-05-15 05:15:16.557 [info] Extension host with pid 1220 started
2025-05-15 05:15:16.557 [error] Error: EEXIST: file already exists, open '/home/ubongmarshalinwang/.codeoss/data/User/workspaceStorage/-695de0f3/vscode.lock'
2025-05-15 05:15:16.593 [info] Lock '/home/ubongmarshalinwang/.codeoss/data/User/workspaceStorage/-695de0f3/vscode.lock': Could not acquire lock, checking if the file is stale.
2025-05-15 05:15:16.595 [info] Lock '/home/ubongmarshalinwang/.codeoss/data/User/workspaceStorage/-695de0f3/vscode.lock': The lock looks stale, waiting for 2s.
2025-05-15 05:15:16.827 [info] ExtensionService#_doActivateExtension vscode.git-base, startup: false, activationEvent: 'onFileSystem:git', root cause: vscode.git
2025-05-15 05:15:16.828 [info] ExtensionService#_doActivateExtension vscode.emmet, startup: false, activationEvent: 'onLanguage'
2025-05-15 05:15:17.836 [info] ExtensionService#_doActivateExtension vscode.npm, startup: true, activationEvent: 'workspaceContains:package.json'
2025-05-15 05:15:18.597 [info] Lock '/home/ubongmarshalinwang/.codeoss/data/User/workspaceStorage/-695de0f3/vscode.lock': The lock looks stale even after waiting for 2s.
2025-05-15 05:15:18.597 [info] Lock '/home/ubongmarshalinwang/.codeoss/data/User/workspaceStorage/-695de0f3/vscode.lock': Deleting a stale lock.
2025-05-15 05:15:18.605 [info] Lock '/home/ubongmarshalinwang/.codeoss/data/User/workspaceStorage/-695de0f3/vscode.lock': Lock acquired.
2025-05-15 05:15:18.758 [info] ExtensionService#_doActivateExtension vscode.git, startup: false, activationEvent: 'onFileSystem:git'
2025-05-15 05:15:18.759 [info] ExtensionService#_doActivateExtension vscode.github, startup: true, activationEvent: '*'
2025-05-15 05:15:19.829 [info] ExtensionService#_doActivateExtension vscode.github-authentication, startup: false, activationEvent: 'onAuthenticationRequest:github'
2025-05-15 05:15:24.834 [info] Not activating extension 'redhat.java': Timed out while searching for 'workspaceContains' pattern */pom.xml,*/build.gradle,*/settings.gradle,*/build.gradle.kts,*/settings.gradle.kts,*/.classpath
2025-05-15 05:15:24.834 [info] Not activating extension 'vscjava.vscode-java-dependency': Timed out while searching for 'workspaceContains' pattern */pom.xml,*/build.gradle,*/settings.gradle,*/build.gradle.kts,*/settings.gradle.kts,*/.classpath
2025-05-15 05:15:24.834 [info] Not activating extension 'vscjava.vscode-java-test': Timed out while searching for 'workspaceContains' pattern */pom.xml,*/build.gradle,*/settings.gradle,*/build.gradle.kts,*/settings.gradle.kts,*/.classpath
2025-05-15 05:15:24.834 [info] Not activating extension 'vscjava.vscode-maven': Timed out while searching for 'workspaceContains' pattern **/pom.xml
2025-05-15 05:15:24.980 [info] Eager extensions activated
2025-05-15 05:15:24.980 [info] ExtensionService#_doActivateExtension EditorConfig.EditorConfig, startup: false, activationEvent: 'onStartupFinished'
2025-05-15 05:15:24.981 [info] ExtensionService#_doActivateExtension google.cloud-shell, startup: false, activationEvent: 'onStartupFinished'
2025-05-15 05:15:24.981 [info] ExtensionService#_doActivateExtension google.geminicodeassist, startup: false, activationEvent: 'onStartupFinished', root cause: googlecloudtools.cloudcode
2025-05-15 05:15:24.982 [info] ExtensionService#_doActivateExtension vscode.debug-auto-launch, startup: false, activationEvent: 'onStartupFinished'
2025-05-15 05:15:24.983 [info] ExtensionService#_doActivateExtension vscode.merge-conflict, startup: false, activationEvent: 'onStartupFinished'
2025-05-15 05:15:27.382 [info] ExtensionService#_doActivateExtension vscode.configuration-editing, startup: false, activationEvent: 'onLanguage:jsonc'
2025-05-15 05:15:27.383 [info] ExtensionService#_doActivateExtension vscode.json-language-features, startup: false, activationEvent: 'onLanguage:jsonc'
2025-05-15 05:15:27.383 [info] ExtensionService#_doActivateExtension vscode.typescript-language-features, startup: false, activationEvent: 'onLanguage:jsonc'
2025-05-15 05:15:42.756 [info] ExtensionService#_doActivateExtension vscode.extension-editing, startup: false, activationEvent: 'onLanguage:json'
2025-05-15 05:16:14.050 [error] unauthorized. cloudshell.authorize {"value":"google.cloud-shell","_lower":"google.cloud-shell"}
2025-05-15 05:16:14.094 [info] ExtensionService#_doActivateExtension googlecloudtools.cloudcode, startup: false, activationEvent: 'onStartupFinished'
2025-05-15 05:16:22.496 [error] unauthorized. cloudshell.authorize {"value":"google.cloud-shell","_lower":"google.cloud-shell"}
2025-05-15 05:16:33.363 [error] unauthorized. cloudshell.authorize {"value":"google.cloud-shell","_lower":"google.cloud-shell"}
2025-05-15 05:38:19.292 [warning] [Decorations] CAPPING events from decorations provider vscode.git 2010
2025-05-15 05:38:24.460 [warning] [Decorations] CAPPING events from decorations provider vscode.git 2011
2025-05-15 05:38:29.626 [warning] [Decorations] CAPPING events from decorations provider vscode.git 2011
2025-05-15 05:38:34.789 [warning] [Decorations] CAPPING events from decorations provider vscode.git 2011
2025-05-15 05:38:39.951 [warning] [Decorations] CAPPING events from decorations provider vscode.git 2011
2025-05-15 05:38:45.883 [warning] [Decorations] CAPPING events from decorations provider vscode.git 2011
2025-05-15 05:38:50.950 [warning] [Decorations] CAPPING events from decorations provider vscode.git 2011
2025-05-15 05:41:29.865 [warning] [Decorations] CAPPING events from decorations provider vscode.git 705
2025-05-15 05:41:34.945 [warning] [Decorations] CAPPING events from decorations provider vscode.git 699
2025-05-15 05:51:12.879 [warning] [Decorations] CAPPING events from decorations provider vscode.git 699
2025-05-15 05:51:13.720 [warning] [Decorations] CAPPING events from decorations provider vscode.git 699
2025-05-15 05:53:46.692 [info] ExtensionService#_doActivateExtension vscode.css-language-features, startup: false, activationEvent: 'onLanguage:css'
2025-05-15 05:53:46.693 [info] ExtensionService#_doActivateExtension vscode.markdown-language-features, startup: false, activationEvent: 'onLanguage:markdown'
2025-05-15 05:53:46.973 [info] ExtensionService#_doActivateExtension vscode.html-language-features, startup: false, activationEvent: 'onLanguage:html'
2025-05-15 06:07:03.460 [error] Error: Repository not initialized
    at T.run (/google/devshell/editor/code-oss-for-cloud-shell/extensions/git/dist/main.js:2:253839)
    at T.status (/google/devshell/editor/code-oss-for-cloud-shell/extensions/git/dist/main.js:2:235181)
    at T.o (/google/devshell/editor/code-oss-for-cloud-shell/extensions/git/dist/main.js:2:110941)
    at T.updateWhenIdleAndWait (/google/devshell/editor/code-oss-for-cloud-shell/extensions/git/dist/main.js:2:261493)
2025-05-15 06:07:12.588 [warning] [Decorations] CAPPING events from decorations provider vscode.git 699
2025-05-15 06:07:12.881 [warning] [Decorations] CAPPING events from decorations provider vscode.git 699
2025-05-15 06:07:15.377 [warning] [Decorations] CAPPING events from decorations provider vscode.git 699
2025-05-15 06:08:02.607 [warning] [Decorations] CAPPING events from decorations provider vscode.git 699
2025-05-15 06:08:07.687 [warning] [Decorations] CAPPING events from decorations provider vscode.git 699
2025-05-15 06:08:25.899 [warning] [Decorations] CAPPING events from decorations provider vscode.git 699
2025-05-15 06:08:31.107 [warning] [Decorations] CAPPING events from decorations provider vscode.git 699
2025-05-15 06:08:31.188 [warning] [Decorations] CAPPING events from decorations provider vscode.git 699
2025-05-15 06:08:36.284 [warning] [Decorations] CAPPING events from decorations provider vscode.git 699
2025-05-15 06:08:41.484 [warning] [Decorations] CAPPING events from decorations provider vscode.git 699
2025-05-15 06:08:46.571 [warning] [Decorations] CAPPING events from decorations provider vscode.git 699
2025-05-15 06:08:51.674 [warning] [Decorations] CAPPING events from decorations provider vscode.git 699
2025-05-15 06:08:52.747 [warning] [Decorations] CAPPING events from decorations provider vscode.git 699
2025-05-15 07:07:22.483 [info] ExtensionService#_doActivateExtension vscode.simple-browser, startup: false, activationEvent: 'onOpenExternalUri:https'
2025-05-15 07:37:29.270 [error] Error: Repository not initialized
    at T.run (/google/devshell/editor/code-oss-for-cloud-shell/extensions/git/dist/main.js:2:253839)
    at T.status (/google/devshell/editor/code-oss-for-cloud-shell/extensions/git/dist/main.js:2:235181)
    at T.o (/google/devshell/editor/code-oss-for-cloud-shell/extensions/git/dist/main.js:2:110941)
    at T.updateWhenIdleAndWait (/google/devshell/editor/code-oss-for-cloud-shell/extensions/git/dist/main.js:2:261493)
2025-05-15 07:38:50.097 [warning] [Decorations] CAPPING events from decorations provider vscode.git 698
2025-05-15 07:38:50.352 [warning] [Decorations] CAPPING events from decorations provider vscode.git 698
2025-05-15 07:38:53.553 [warning] [Decorations] CAPPING events from decorations provider vscode.git 698
2025-05-15 07:38:58.630 [warning] [Decorations] CAPPING events from decorations provider vscode.git 698
2025-05-15 07:39:03.730 [warning] [Decorations] CAPPING events from decorations provider vscode.git 698
2025-05-15 07:39:08.820 [warning] [Decorations] CAPPING events from decorations provider vscode.git 698
2025-05-15 07:39:13.921 [warning] [Decorations] CAPPING events from decorations provider vscode.git 698
2025-05-15 07:39:19.002 [warning] [Decorations] CAPPING events from decorations provider vscode.git 698
2025-05-15 07:39:24.087 [warning] [Decorations] CAPPING events from decorations provider vscode.git 698
2025-05-15 07:39:29.182 [warning] [Decorations] CAPPING events from decorations provider vscode.git 698
2025-05-15 07:39:34.266 [warning] [Decorations] CAPPING events from decorations provider vscode.git 698
2025-05-15 07:39:39.356 [warning] [Decorations] CAPPING events from decorations provider vscode.git 698
2025-05-15 07:39:48.855 [warning] [Decorations] CAPPING events from decorations provider vscode.git 698
2025-05-15 07:39:53.944 [warning] [Decorations] CAPPING events from decorations provider vscode.git 698
2025-05-15 07:40:01.028 [warning] [Decorations] CAPPING events from decorations provider vscode.git 698
2025-05-15 07:40:51.600 [warning] [Decorations] CAPPING events from decorations provider vscode.git 698
2025-05-15 07:43:47.584 [warning] [Decorations] CAPPING events from decorations provider vscode.git 698
2025-05-15 07:43:52.679 [warning] [Decorations] CAPPING events from decorations provider vscode.git 698
2025-05-15 07:43:57.762 [warning] [Decorations] CAPPING events from decorations provider vscode.git 698
2025-05-15 07:44:02.888 [warning] [Decorations] CAPPING events from decorations provider vscode.git 698
2025-05-15 07:44:07.974 [warning] [Decorations] CAPPING events from decorations provider vscode.git 698
2025-05-15 07:44:10.285 [warning] [Decorations] CAPPING events from decorations provider vscode.git 698
2025-05-15 07:44:13.054 [warning] [Decorations] CAPPING events from decorations provider vscode.git 698
2025-05-15 07:44:18.146 [warning] [Decorations] CAPPING events from decorations provider vscode.git 698
2025-05-15 07:44:23.241 [warning] [Decorations] CAPPING events from decorations provider vscode.git 698
2025-05-15 07:44:29.605 [warning] [Decorations] CAPPING events from decorations provider vscode.git 698
2025-05-15 07:44:30.439 [warning] [Decorations] CAPPING events from decorations provider vscode.git 697
2025-05-15 07:44:30.517 [warning] [Decorations] CAPPING events from decorations provider vscode.git 697
2025-05-15 07:44:35.607 [warning] [Decorations] CAPPING events from decorations provider vscode.git 697
2025-05-15 07:44:40.694 [warning] [Decorations] CAPPING events from decorations provider vscode.git 697
2025-05-15 07:44:45.776 [warning] [Decorations] CAPPING events from decorations provider vscode.git 697
2025-05-15 07:44:50.856 [warning] [Decorations] CAPPING events from decorations provider vscode.git 697
2025-05-15 07:44:55.958 [warning] [Decorations] CAPPING events from decorations provider vscode.git 697
2025-05-15 07:45:01.051 [warning] [Decorations] CAPPING events from decorations provider vscode.git 697
2025-05-15 07:45:06.205 [warning] [Decorations] CAPPING events from decorations provider vscode.git 697
2025-05-15 07:45:11.312 [warning] [Decorations] CAPPING events from decorations provider vscode.git 697
2025-05-15 07:45:16.405 [warning] [Decorations] CAPPING events from decorations provider vscode.git 697
2025-05-15 07:45:18.150 [warning] [Decorations] CAPPING events from decorations provider vscode.git 697
2025-05-15 07:45:22.434 [warning] [Decorations] CAPPING events from decorations provider vscode.git 697
2025-05-15 07:45:22.640 [warning] [Decorations] CAPPING events from decorations provider vscode.git 697
2025-05-15 07:45:27.732 [warning] [Decorations] CAPPING events from decorations provider vscode.git 697
2025-05-15 07:45:30.971 [warning] [Decorations] CAPPING events from decorations provider vscode.git 697
2025-05-15 07:45:32.823 [warning] [Decorations] CAPPING events from decorations provider vscode.git 697
2025-05-15 07:45:44.470 [warning] [Decorations] CAPPING events from decorations provider vscode.git 697
2025-05-15 07:45:46.173 [warning] [Decorations] CAPPING events from decorations provider vscode.git 697
2025-05-15 07:45:49.570 [warning] [Decorations] CAPPING events from decorations provider vscode.git 697
2025-05-15 07:45:52.759 [warning] [Decorations] CAPPING events from decorations provider vscode.git 697
2025-05-15 07:45:54.427 [warning] [Decorations] CAPPING events from decorations provider vscode.git 696
2025-05-15 07:45:54.683 [warning] [Decorations] CAPPING events from decorations provider vscode.git 696
2025-05-15 07:45:59.680 [warning] [Decorations] CAPPING events from decorations provider vscode.git 696
2025-05-15 07:45:59.764 [warning] [Decorations] CAPPING events from decorations provider vscode.git 696
2025-05-15 07:46:04.848 [warning] [Decorations] CAPPING events from decorations provider vscode.git 696
2025-05-15 07:46:09.925 [warning] [Decorations] CAPPING events from decorations provider vscode.git 696
2025-05-15 07:46:15.047 [warning] [Decorations] CAPPING events from decorations provider vscode.git 696
2025-05-15 07:46:20.126 [warning] [Decorations] CAPPING events from decorations provider vscode.git 696
2025-05-15 07:46:25.219 [warning] [Decorations] CAPPING events from decorations provider vscode.git 696
2025-05-15 07:46:30.314 [warning] [Decorations] CAPPING events from decorations provider vscode.git 696
2025-05-15 07:46:35.403 [warning] [Decorations] CAPPING events from decorations provider vscode.git 696
2025-05-15 07:46:40.499 [warning] [Decorations] CAPPING events from decorations provider vscode.git 696
2025-05-15 07:46:45.597 [warning] [Decorations] CAPPING events from decorations provider vscode.git 696
2025-05-15 07:46:47.771 [warning] [Decorations] CAPPING events from decorations provider vscode.git 696
2025-05-15 07:46:50.689 [warning] [Decorations] CAPPING events from decorations provider vscode.git 696
2025-05-15 07:47:01.239 [warning] [Decorations] CAPPING events from decorations provider vscode.git 696
2025-05-15 07:47:02.912 [warning] [Decorations] CAPPING events from decorations provider vscode.git 696
2025-05-15 07:47:07.999 [warning] [Decorations] CAPPING events from decorations provider vscode.git 696
2025-05-15 07:47:12.567 [warning] [Decorations] CAPPING events from decorations provider vscode.git 696
2025-05-15 07:47:13.083 [warning] [Decorations] CAPPING events from decorations provider vscode.git 696
2025-05-15 07:47:18.161 [warning] [Decorations] CAPPING events from decorations provider vscode.git 696
2025-05-15 07:47:20.546 [warning] [Decorations] CAPPING events from decorations provider vscode.git 696
2025-05-15 07:47:21.563 [warning] [Decorations] CAPPING events from decorations provider vscode.git 695
2025-05-15 07:47:23.278 [warning] [Decorations] CAPPING events from decorations provider vscode.git 695
2025-05-15 07:47:26.221 [warning] [Decorations] CAPPING events from decorations provider vscode.git 695
2025-05-15 07:47:28.365 [warning] [Decorations] CAPPING events from decorations provider vscode.git 695
2025-05-15 07:47:34.053 [warning] [Decorations] CAPPING events from decorations provider vscode.git 695
2025-05-15 07:47:36.898 [warning] [Decorations] CAPPING events from decorations provider vscode.git 695
2025-05-15 07:47:42.850 [warning] [Decorations] CAPPING events from decorations provider vscode.git 695
2025-05-15 07:47:49.800 [warning] [Decorations] CAPPING events from decorations provider vscode.git 695
2025-05-15 07:48:08.738 [warning] [Decorations] CAPPING events from decorations provider vscode.git 695
2025-05-15 07:48:13.822 [warning] [Decorations] CAPPING events from decorations provider vscode.git 695
2025-05-15 07:48:18.924 [warning] [Decorations] CAPPING events from decorations provider vscode.git 695
2025-05-15 07:48:24.038 [warning] [Decorations] CAPPING events from decorations provider vscode.git 695
2025-05-15 07:48:29.118 [warning] [Decorations] CAPPING events from decorations provider vscode.git 696
2025-05-15 07:48:31.686 [warning] [Decorations] CAPPING events from decorations provider vscode.git 696
2025-05-15 07:48:34.199 [warning] [Decorations] CAPPING events from decorations provider vscode.git 696
2025-05-15 07:48:39.281 [warning] [Decorations] CAPPING events from decorations provider vscode.git 696
2025-05-15 07:48:44.363 [warning] [Decorations] CAPPING events from decorations provider vscode.git 696
2025-05-15 07:48:49.460 [warning] [Decorations] CAPPING events from decorations provider vscode.git 696
2025-05-15 07:48:54.545 [warning] [Decorations] CAPPING events from decorations provider vscode.git 696
2025-05-15 07:48:59.624 [warning] [Decorations] CAPPING events from decorations provider vscode.git 696
2025-05-15 07:59:28.521 [warning] [Decorations] CAPPING events from decorations provider vscode.git 696
2025-05-15 07:59:29.123 [warning] [Decorations] CAPPING events from decorations provider vscode.git 696
2025-05-15 08:04:34.967 [warning] [Decorations] CAPPING events from decorations provider vscode.git 696
2025-05-15 08:04:35.620 [warning] [Decorations] CAPPING events from decorations provider vscode.git 696
2025-05-15 08:04:40.057 [warning] [Decorations] CAPPING events from decorations provider vscode.git 696
2025-05-15 08:04:45.134 [warning] [Decorations] CAPPING events from decorations provider vscode.git 696
2025-05-15 08:04:50.210 [warning] [Decorations] CAPPING events from decorations provider vscode.git 696
2025-05-15 08:05:03.731 [warning] [Decorations] CAPPING events from decorations provider vscode.git 696
2025-05-15 08:05:08.850 [warning] [Decorations] CAPPING events from decorations provider vscode.git 696
2025-05-15 08:05:13.950 [warning] [Decorations] CAPPING events from decorations provider vscode.git 696
2025-05-15 08:05:24.974 [warning] [Decorations] CAPPING events from decorations provider vscode.git 696
2025-05-15 08:05:42.122 [warning] [Decorations] CAPPING events from decorations provider vscode.git 696
2025-05-15 08:05:53.217 [warning] [Decorations] CAPPING events from decorations provider vscode.git 696
2025-05-15 08:05:58.314 [warning] [Decorations] CAPPING events from decorations provider vscode.git 696
2025-05-15 08:06:05.502 [warning] [Decorations] CAPPING events from decorations provider vscode.git 696
2025-05-15 08:06:10.581 [warning] [Decorations] CAPPING events from decorations provider vscode.git 696
2025-05-15 08:06:21.719 [warning] [Decorations] CAPPING events from decorations provider vscode.git 696
2025-05-15 08:06:26.805 [warning] [Decorations] CAPPING events from decorations provider vscode.git 696
2025-05-15 08:06:31.889 [warning] [Decorations] CAPPING events from decorations provider vscode.git 861
2025-05-15 08:06:36.986 [warning] [Decorations] CAPPING events from decorations provider vscode.git 861
2025-05-15 08:06:42.119 [warning] [Decorations] CAPPING events from decorations provider vscode.git 861
2025-05-15 08:06:48.852 [warning] [Decorations] CAPPING events from decorations provider vscode.git 861
2025-05-15 08:06:53.950 [warning] [Decorations] CAPPING events from decorations provider vscode.git 861
2025-05-15 08:06:59.035 [warning] [Decorations] CAPPING events from decorations provider vscode.git 861
2025-05-15 08:07:04.141 [warning] [Decorations] CAPPING events from decorations provider vscode.git 861
2025-05-15 08:07:09.244 [warning] [Decorations] CAPPING events from decorations provider vscode.git 861
2025-05-15 08:07:14.339 [warning] [Decorations] CAPPING events from decorations provider vscode.git 861
