0 verbose cli /usr/local/nvm/versions/node/v22.15.0/bin/node /usr/local/nvm/versions/node/v22.15.0/lib/node_modules/npm/bin/npm-cli.js
1 info using npm@11.3.0
2 info using node@v22.15.0
3 silly config load:file:/usr/local/nvm/versions/node/v22.15.0/lib/node_modules/npm/npmrc
4 silly config load:file:/home/ubongmarshalinwang/.npmrc
5 silly config load:file:/usr/local/nvm/versions/node/v22.15.0/etc/npmrc
6 verbose title npm exec git-remove-history --force
7 verbose argv "exec" "--" "git-remove-history" "--force"
8 verbose logfile logs-max:10 dir:/home/ubongmarshalinwang/.npm/_logs/2025-05-15T05_41_09_999Z-
9 verbose logfile /home/ubongmarshalinwang/.npm/_logs/2025-05-15T05_41_09_999Z-debug-0.log
10 silly logfile start cleaning logs, removing 1 files
11 silly logfile done cleaning log files
12 silly packumentCache heap:2197815296 maxSize:549453824 maxEntrySize:274726912
13 http fetch GET 404 https://registry.npmjs.org/git-remove-history 791ms (cache skip)
14 http fetch GET 404 https://registry.npmjs.org/git-remove-history 669ms (cache skip)
15 verbose stack HttpErrorGeneral: 404 Not Found - GET https://registry.npmjs.org/git-remove-history - Not found
15 verbose stack     at /usr/local/nvm/versions/node/v22.15.0/lib/node_modules/npm/node_modules/npm-registry-fetch/lib/check-response.js:103:15
15 verbose stack     at process.processTicksAndRejections (node:internal/process/task_queues:105:5)
15 verbose stack     at async RegistryFetcher.packument (/usr/local/nvm/versions/node/v22.15.0/lib/node_modules/npm/node_modules/pacote/lib/registry.js:90:19)
15 verbose stack     at async RegistryFetcher.manifest (/usr/local/nvm/versions/node/v22.15.0/lib/node_modules/npm/node_modules/pacote/lib/registry.js:128:23)
15 verbose stack     at async getManifest (/usr/local/nvm/versions/node/v22.15.0/lib/node_modules/npm/node_modules/libnpmexec/lib/index.js:28:22)
15 verbose stack     at async missingFromTree (/usr/local/nvm/versions/node/v22.15.0/lib/node_modules/npm/node_modules/libnpmexec/lib/index.js:63:22)
15 verbose stack     at async /usr/local/nvm/versions/node/v22.15.0/lib/node_modules/npm/node_modules/libnpmexec/lib/index.js:185:32
15 verbose stack     at async Promise.all (index 0)
15 verbose stack     at async exec (/usr/local/nvm/versions/node/v22.15.0/lib/node_modules/npm/node_modules/libnpmexec/lib/index.js:183:3)
15 verbose stack     at async Npm.exec (/usr/local/nvm/versions/node/v22.15.0/lib/node_modules/npm/lib/npm.js:208:9)
16 verbose statusCode 404
17 verbose pkgid git-remove-history@*
18 error code E404
19 error 404 Not Found - GET https://registry.npmjs.org/git-remove-history - Not found
20 error 404
21 error 404  'git-remove-history@*' is not in this registry.
22 error 404
23 error 404 Note that you can also install from a
24 error 404 tarball, folder, http url, or git url.
25 verbose cwd /home/ubongmarshalinwang
26 verbose os Linux 6.6.87+
27 verbose node v22.15.0
28 verbose npm  v11.3.0
29 verbose exit 1
30 verbose code 1
31 error A complete log of this run can be found in: /home/ubongmarshalinwang/.npm/_logs/2025-05-15T05_41_09_999Z-debug-0.log
