Initializing document watcher...
Document watcher initialized
ubongmarshalinwang/application.js: {}
ubongmarshalinwang/application.js: {}
vscode.git.Git: {}
vscode.git.Git: {}
vscode.git.Git: {}
ubongmarshalinwang/application.js: {}
ubongmarshalinwang/application.js: {}
ubongmarshalinwang/application.js: {}
ubongmarshalinwang/application.js: {}
ubongmarshalinwang/application.js: {}
ubongmarshalinwang/application.js: {}
ubongmarshalinwang/application.js: {}
ubongmarshalinwang/application.js: {}
ubongmarshalinwang/application.js: {}
ubongmarshalinwang/application.js: {}
ubongmarshalinwang/application.js: {}
ubongmarshalinwang/application.js: {}
ubongmarshalinwang/application.js: {}
ubongmarshalinwang/application.js: {}
ubongmarshalinwang/application.js: {}
ubongmarshalinwang/application.js: {}
ubongmarshalinwang/application.js: {}
ubongmarshalinwang/application.js: {}
ubongmarshalinwang/application.js: {}
ubongmarshalinwang/application.js: {}
vscode.git.Git: {}
ubongmarshalinwang/application.js: {}
ubongmarshalinwang/application.js: {}
ubongmarshalinwang/.git/COMMIT_EDITMSG: {}
ubongmarshalinwang/.git/COMMIT_EDITMSG: {}
/home/ubongmarshalinwang/.codeoss/data/logs/20250514T144623/exthost2/vscode.git/Git.log: {}
/home/ubongmarshalinwang/.codeoss/cli/serve-web-key-half: {}
