2025-05-14 17:02:11.303 [info] [main] Log level: Info
2025-05-14 17:02:11.303 [info] [main] Validating found git in: "git"
2025-05-14 17:02:11.303 [info] [main] Using git "2.43.0" from "git"
2025-05-14 17:02:11.303 [info] [Model][doInitialScan] Initial repository scan started
2025-05-14 17:02:11.303 [info] > git rev-parse --show-toplevel [37ms]
2025-05-14 17:02:11.303 [info] > git rev-parse --git-dir --git-common-dir [17ms]
2025-05-14 17:02:11.303 [info] [Model][openRepository] Opened repository: /home/ubongmarshalinwang
2025-05-14 17:02:11.303 [info] > git config --get commit.template [30ms]
2025-05-14 17:02:11.303 [info] [Git][getRemotes] No remotes found in the git config file
2025-05-14 17:02:11.303 [info] > git for-each-ref --format=%(refname)%00%(upstream:short)%00%(objectname)%00%(upstream:track)%00%(upstream:remotename)%00%(upstream:remoteref) refs/heads/main refs/remotes/main [33ms]
2025-05-14 17:02:11.303 [warning] [Git][getBranch] No such branch: main
2025-05-14 17:02:11.303 [info] > git rev-parse --show-toplevel [152ms]
2025-05-14 17:02:11.338 [info] > git for-each-ref --sort -committerdate --format %(refname) %(objectname) %(*objectname) [40ms]
2025-05-14 17:02:11.375 [info] > git rev-parse --show-toplevel [18ms]
2025-05-14 17:02:11.409 [info] > git rev-parse --show-toplevel [12ms]
2025-05-14 17:02:11.443 [info] > git rev-parse --show-toplevel [10ms]
2025-05-14 17:02:11.479 [info] > git rev-parse --show-toplevel [14ms]
2025-05-14 17:02:11.502 [info] > git rev-parse --show-toplevel [11ms]
2025-05-14 17:02:11.580 [info] > git status -z -uall [341ms]
2025-05-14 17:02:11.583 [info] > git rev-parse --show-toplevel [61ms]
2025-05-14 17:02:14.339 [info] > git check-ignore -v -z --stdin [2272ms]
2025-05-14 17:02:14.344 [info] > git for-each-ref --format=%(refname)%00%(upstream:short)%00%(objectname)%00%(upstream:track)%00%(upstream:remotename)%00%(upstream:remoteref) refs/heads/main refs/remotes/main [2313ms]
2025-05-14 17:02:14.346 [warning] [Git][getBranch] No such branch: main
2025-05-14 17:02:14.348 [error] [GitHistoryProvider][resolveHEADMergeBase] Failed to resolve merge base for main: Error: No such branch: main.
2025-05-14 17:02:14.406 [info] > git config --get commit.template [257ms]
2025-05-14 17:02:14.407 [info] > git rev-parse --show-toplevel [270ms]
2025-05-14 17:02:14.437 [info] [Git][getRemotes] No remotes found in the git config file
2025-05-14 17:02:14.442 [info] > git rev-parse --show-toplevel [22ms]
2025-05-14 17:02:14.443 [info] [Model][doInitialScan] Initial repository scan completed - repositories (1), closed repositories (0), parent repositories (0), unsafe repositories (0)
2025-05-14 17:02:14.450 [info] > git for-each-ref --format=%(refname)%00%(upstream:short)%00%(objectname)%00%(upstream:track)%00%(upstream:remotename)%00%(upstream:remoteref) refs/heads/main refs/remotes/main [13ms]
2025-05-14 17:02:14.450 [warning] [Git][getBranch] No such branch: main
2025-05-14 17:02:14.500 [info] > git for-each-ref --sort -committerdate --format %(refname) %(objectname) %(*objectname) [22ms]
2025-05-14 17:02:14.574 [info] > git status -z -uall [113ms]
2025-05-14 17:02:57.533 [info] > git show --textconv :application.js [10ms]
2025-05-14 17:02:57.535 [info] > git ls-files --stage -- /home/ubongmarshalinwang/application.js [4ms]
2025-05-14 17:02:57.541 [info] > git log --format=%H%n%aN%n%aE%n%at%n%ct%n%P%n%D%n%B -z --shortstat --diff-merges=first-parent -n50 --skip=0 --topo-order --decorate=full --stdin [27ms]
2025-05-14 17:02:57.541 [info] fatal: bad revision 'refs/heads/main'
2025-05-14 17:02:57.542 [error] [GitHistoryProvider][provideHistoryItems] Failed to get history items with options '{"historyItemRefs":["refs/heads/main"],"limit":50,"skip":0}': Failed to execute git {
  "exitCode": 128,
  "gitCommand": "log",
  "stdout": "",
  "stderr": "fatal: bad revision 'refs/heads/main'\n"
}
2025-05-14 17:02:57.543 [info] > git cat-file -s b30ad42ff97bcc12be7f82d25335ea470c8c98da [4ms]
2025-05-14 17:02:58.041 [info] > git check-ignore -v -z --stdin [4ms]
2025-05-14 17:03:05.829 [info] [Git][getRemotes] No remotes found in the git config file
2025-05-14 17:03:05.831 [info] > git config --get commit.template [10ms]
2025-05-14 17:03:05.831 [info] > git for-each-ref --format=%(refname)%00%(upstream:short)%00%(objectname)%00%(upstream:track)%00%(upstream:remotename)%00%(upstream:remoteref) refs/heads/main refs/remotes/main [3ms]
2025-05-14 17:03:05.831 [warning] [Git][getBranch] No such branch: main
2025-05-14 17:03:05.861 [info] > git for-each-ref --sort -committerdate --format %(refname) %(objectname) %(*objectname) [2ms]
2025-05-14 17:03:05.896 [info] > git status -z -uall [57ms]
2025-05-14 17:03:10.968 [info] [Git][getRemotes] No remotes found in the git config file
2025-05-14 17:03:10.971 [info] > git config --get commit.template [14ms]
2025-05-14 17:03:10.972 [info] > git for-each-ref --format=%(refname)%00%(upstream:short)%00%(objectname)%00%(upstream:track)%00%(upstream:remotename)%00%(upstream:remoteref) refs/heads/main refs/remotes/main [3ms]
2025-05-14 17:03:10.972 [warning] [Git][getBranch] No such branch: main
2025-05-14 17:03:11.007 [info] > git for-each-ref --sort -committerdate --format %(refname) %(objectname) %(*objectname) [4ms]
2025-05-14 17:03:11.054 [info] > git status -z -uall [73ms]
2025-05-14 17:03:14.247 [info] > git -c user.useConfigOnly=true commit --quiet --allow-empty-message --file - [302ms]
2025-05-14 17:03:14.247 [info] Author identity unknown

*** Please tell me who you are.

Run

  git config --global user.email "you@example.com"
  git config --global user.name "Your Name"

to set your account's default identity.
Omit --global to set the identity only in this repository.

fatal: no email was given and auto-detection is disabled
2025-05-14 17:03:14.256 [info] > git config --get-all user.name [2ms]
2025-05-14 17:03:14.277 [info] [Git][getRemotes] No remotes found in the git config file
2025-05-14 17:03:14.278 [info] > git config --get commit.template [9ms]
2025-05-14 17:03:14.279 [info] > git for-each-ref --format=%(refname)%00%(upstream:short)%00%(objectname)%00%(upstream:track)%00%(upstream:remotename)%00%(upstream:remoteref) refs/heads/main refs/remotes/main [3ms]
2025-05-14 17:03:14.279 [warning] [Git][getBranch] No such branch: main
2025-05-14 17:03:14.309 [info] > git for-each-ref --sort -committerdate --format %(refname) %(objectname) %(*objectname) [3ms]
2025-05-14 17:03:14.337 [info] > git status -z -uall [50ms]
2025-05-14 17:03:16.139 [info] [Git][getRemotes] No remotes found in the git config file
2025-05-14 17:03:16.140 [info] > git config --get commit.template [9ms]
2025-05-14 17:03:16.141 [info] > git for-each-ref --format=%(refname)%00%(upstream:short)%00%(objectname)%00%(upstream:track)%00%(upstream:remotename)%00%(upstream:remoteref) refs/heads/main refs/remotes/main [3ms]
2025-05-14 17:03:16.141 [warning] [Git][getBranch] No such branch: main
2025-05-14 17:03:16.170 [info] > git for-each-ref --sort -committerdate --format %(refname) %(objectname) %(*objectname) [4ms]
2025-05-14 17:03:16.194 [info] > git status -z -uall [46ms]
2025-05-14 17:03:34.472 [info] [Git][getRemotes] No remotes found in the git config file
2025-05-14 17:03:34.473 [info] > git config --get commit.template [9ms]
2025-05-14 17:03:34.474 [info] > git for-each-ref --format=%(refname)%00%(upstream:short)%00%(objectname)%00%(upstream:track)%00%(upstream:remotename)%00%(upstream:remoteref) refs/heads/main refs/remotes/main [2ms]
2025-05-14 17:03:34.474 [warning] [Git][getBranch] No such branch: main
2025-05-14 17:03:34.501 [info] > git for-each-ref --sort -committerdate --format %(refname) %(objectname) %(*objectname) [4ms]
2025-05-14 17:03:34.546 [info] > git status -z -uall [65ms]
2025-05-14 17:03:34.599 [info] > git -c user.useConfigOnly=true commit --quiet --allow-empty-message --file - [74ms]
2025-05-14 17:03:34.599 [info] Author identity unknown

*** Please tell me who you are.

Run

  git config --global user.email "you@example.com"
  git config --global user.name "Your Name"

to set your account's default identity.
Omit --global to set the identity only in this repository.

fatal: no email was given and auto-detection is disabled
2025-05-14 17:03:34.609 [info] > git config --get-all user.name [2ms]
2025-05-14 17:03:34.626 [info] [Git][getRemotes] No remotes found in the git config file
2025-05-14 17:03:34.627 [info] > git config --get commit.template [10ms]
2025-05-14 17:03:34.628 [info] > git for-each-ref --format=%(refname)%00%(upstream:short)%00%(objectname)%00%(upstream:track)%00%(upstream:remotename)%00%(upstream:remoteref) refs/heads/main refs/remotes/main [3ms]
2025-05-14 17:03:34.628 [warning] [Git][getBranch] No such branch: main
2025-05-14 17:03:34.656 [info] > git for-each-ref --sort -committerdate --format %(refname) %(objectname) %(*objectname) [4ms]
2025-05-14 17:03:35.078 [info] > git status -z -uall [442ms]
2025-05-14 17:03:35.125 [info] > git ls-files --stage -- /home/ubongmarshalinwang/application.js [51ms]
2025-05-14 17:03:35.137 [info] > git cat-file -s b30ad42ff97bcc12be7f82d25335ea470c8c98da [2ms]
2025-05-14 17:03:37.260 [info] > git show --textconv :application.js [4ms]
2025-05-14 17:03:46.412 [info] > git ls-files --stage -- /home/ubongmarshalinwang/application.js [4ms]
2025-05-14 17:03:46.423 [info] > git cat-file -s b30ad42ff97bcc12be7f82d25335ea470c8c98da [2ms]
2025-05-14 17:03:46.534 [info] > git show --textconv :application.js [5ms]
2025-05-14 17:04:03.661 [info] > git config --get commit.template [5ms]
2025-05-14 17:04:03.809 [info] [Git][getRemotes] No remotes found in the git config file
2025-05-14 17:04:03.813 [info] > git for-each-ref --format=%(refname)%00%(upstream:short)%00%(objectname)%00%(upstream:track)%00%(upstream:remotename)%00%(upstream:remoteref) refs/heads/main refs/remotes/main [5ms]
2025-05-14 17:04:03.813 [warning] [Git][getBranch] No such branch: main
2025-05-14 17:04:03.849 [info] > git for-each-ref --sort -committerdate --format %(refname) %(objectname) %(*objectname) [6ms]
2025-05-14 17:04:03.878 [info] > git status -z -uall [57ms]
2025-05-14 17:05:32.251 [info] [Git][getRemotes] No remotes found in the git config file
2025-05-14 17:05:32.255 [info] > git for-each-ref --format=%(refname)%00%(upstream:short)%00%(objectname)%00%(upstream:track)%00%(upstream:remotename)%00%(upstream:remoteref) refs/heads/main refs/remotes/main [93ms]
2025-05-14 17:05:32.255 [warning] [Git][getBranch] No such branch: main
2025-05-14 17:05:32.257 [info] > git config --get commit.template [103ms]
2025-05-14 17:05:32.291 [info] > git for-each-ref --sort -committerdate --format %(refname) %(objectname) %(*objectname) [6ms]
2025-05-14 17:05:32.357 [info] > git status -z -uall [88ms]
2025-05-14 17:05:37.493 [info] [Git][getRemotes] No remotes found in the git config file
2025-05-14 17:05:37.494 [info] > git config --get commit.template [23ms]
2025-05-14 17:05:37.496 [info] > git for-each-ref --format=%(refname)%00%(upstream:short)%00%(objectname)%00%(upstream:track)%00%(upstream:remotename)%00%(upstream:remoteref) refs/heads/main refs/remotes/main [4ms]
2025-05-14 17:05:37.496 [warning] [Git][getBranch] No such branch: main
2025-05-14 17:05:37.527 [info] > git for-each-ref --sort -committerdate --format %(refname) %(objectname) %(*objectname) [3ms]
2025-05-14 17:05:37.579 [info] > git status -z -uall [76ms]
2025-05-14 17:05:46.366 [info] [Git][getRemotes] No remotes found in the git config file
2025-05-14 17:05:46.368 [info] > git config --get commit.template [9ms]
2025-05-14 17:05:46.375 [info] > git for-each-ref --format=%(refname)%00%(upstream:short)%00%(objectname)%00%(upstream:track)%00%(upstream:remotename)%00%(upstream:remoteref) refs/heads/main refs/remotes/main [10ms]
2025-05-14 17:05:46.375 [warning] [Git][getBranch] No such branch: main
2025-05-14 17:05:46.410 [info] > git for-each-ref --sort -committerdate --format %(refname) %(objectname) %(*objectname) [10ms]
2025-05-14 17:05:46.443 [info] > git status -z -uall [60ms]
2025-05-14 17:05:53.071 [info] > git ls-files --stage -- /home/ubongmarshalinwang/application.js [4ms]
2025-05-14 17:05:53.081 [info] > git cat-file -s b30ad42ff97bcc12be7f82d25335ea470c8c98da [3ms]
2025-05-14 17:05:53.182 [info] > git show --textconv :application.js [8ms]
2025-05-14 17:06:20.553 [info] [Git][getRemotes] No remotes found in the git config file
2025-05-14 17:06:20.559 [info] > git config --get commit.template [7ms]
2025-05-14 17:06:20.560 [info] > git for-each-ref --format=%(refname)%00%(upstream:short)%00%(objectname)%00%(upstream:track)%00%(upstream:remotename)%00%(upstream:remoteref) refs/heads/main refs/remotes/main [2ms]
2025-05-14 17:06:20.561 [warning] [Git][getBranch] No such branch: main
2025-05-14 17:06:20.583 [info] > git for-each-ref --sort -committerdate --format %(refname) %(objectname) %(*objectname) [5ms]
2025-05-14 17:06:20.612 [info] > git status -z -uall [45ms]
2025-05-14 17:06:25.267 [info] > git ls-files --stage -- /home/ubongmarshalinwang/application.js [4ms]
2025-05-14 17:06:25.274 [info] > git cat-file -s b30ad42ff97bcc12be7f82d25335ea470c8c98da [2ms]
2025-05-14 17:06:25.367 [info] > git show --textconv :application.js [4ms]
2025-05-14 17:06:25.679 [info] [Git][getRemotes] No remotes found in the git config file
2025-05-14 17:06:25.680 [info] > git config --get commit.template [8ms]
2025-05-14 17:06:25.681 [info] > git for-each-ref --format=%(refname)%00%(upstream:short)%00%(objectname)%00%(upstream:track)%00%(upstream:remotename)%00%(upstream:remoteref) refs/heads/main refs/remotes/main [2ms]
2025-05-14 17:06:25.681 [warning] [Git][getBranch] No such branch: main
2025-05-14 17:06:25.704 [info] > git for-each-ref --sort -committerdate --format %(refname) %(objectname) %(*objectname) [2ms]
2025-05-14 17:06:25.735 [info] > git status -z -uall [49ms]
2025-05-14 17:13:52.263 [info] > git config --get commit.template [4ms]
2025-05-14 17:13:52.263 [info] [Git][getRemotes] No remotes found in the git config file
2025-05-14 17:13:52.273 [info] > git for-each-ref --format=%(refname)%00%(upstream:short)%00%(objectname)%00%(upstream:track)%00%(upstream:remotename)%00%(upstream:remoteref) refs/heads/main refs/remotes/main [2ms]
2025-05-14 17:13:52.273 [warning] [Git][getBranch] No such branch: main
2025-05-14 17:13:52.301 [info] > git for-each-ref --sort -committerdate --format %(refname) %(objectname) %(*objectname) [5ms]
2025-05-14 17:13:52.333 [info] > git status -z -uall [53ms]
2025-05-14 17:13:57.420 [info] [Git][getRemotes] No remotes found in the git config file
2025-05-14 17:13:57.421 [info] > git config --get commit.template [20ms]
2025-05-14 17:13:57.425 [info] > git for-each-ref --format=%(refname)%00%(upstream:short)%00%(objectname)%00%(upstream:track)%00%(upstream:remotename)%00%(upstream:remoteref) refs/heads/main refs/remotes/main [7ms]
2025-05-14 17:13:57.425 [warning] [Git][getBranch] No such branch: main
2025-05-14 17:13:57.498 [info] > git for-each-ref --sort -committerdate --format %(refname) %(objectname) %(*objectname) [20ms]
2025-05-14 17:13:57.579 [info] > git status -z -uall [143ms]
2025-05-14 17:14:03.853 [info] > git config --get commit.template [2ms]
2025-05-14 17:14:03.869 [info] [Git][getRemotes] No remotes found in the git config file
2025-05-14 17:14:03.874 [info] > git for-each-ref --format=%(refname)%00%(upstream:short)%00%(objectname)%00%(upstream:track)%00%(upstream:remotename)%00%(upstream:remoteref) refs/heads/main refs/remotes/main [8ms]
2025-05-14 17:14:03.875 [warning] [Git][getBranch] No such branch: main
2025-05-14 17:14:03.927 [info] > git for-each-ref --sort -committerdate --format %(refname) %(objectname) %(*objectname) [15ms]
2025-05-14 17:14:03.964 [info] > git status -z -uall [76ms]
2025-05-14 17:14:09.023 [info] [Git][getRemotes] No remotes found in the git config file
2025-05-14 17:14:09.025 [info] > git config --get commit.template [12ms]
2025-05-14 17:14:09.026 [info] > git for-each-ref --format=%(refname)%00%(upstream:short)%00%(objectname)%00%(upstream:track)%00%(upstream:remotename)%00%(upstream:remoteref) refs/heads/main refs/remotes/main [3ms]
2025-05-14 17:14:09.026 [warning] [Git][getBranch] No such branch: main
2025-05-14 17:14:09.051 [info] > git for-each-ref --sort -committerdate --format %(refname) %(objectname) %(*objectname) [5ms]
2025-05-14 17:14:09.088 [info] > git status -z -uall [57ms]
2025-05-14 17:14:14.154 [info] [Git][getRemotes] No remotes found in the git config file
2025-05-14 17:14:14.156 [info] > git config --get commit.template [10ms]
2025-05-14 17:14:14.156 [info] > git for-each-ref --format=%(refname)%00%(upstream:short)%00%(objectname)%00%(upstream:track)%00%(upstream:remotename)%00%(upstream:remoteref) refs/heads/main refs/remotes/main [3ms]
2025-05-14 17:14:14.157 [warning] [Git][getBranch] No such branch: main
2025-05-14 17:14:14.186 [info] > git for-each-ref --sort -committerdate --format %(refname) %(objectname) %(*objectname) [5ms]
2025-05-14 17:14:14.215 [info] > git status -z -uall [50ms]
2025-05-14 17:14:22.536 [info] [Git][getRemotes] No remotes found in the git config file
2025-05-14 17:14:22.538 [info] > git config --get commit.template [10ms]
2025-05-14 17:14:22.538 [info] > git for-each-ref --format=%(refname)%00%(upstream:short)%00%(objectname)%00%(upstream:track)%00%(upstream:remotename)%00%(upstream:remoteref) refs/heads/main refs/remotes/main [3ms]
2025-05-14 17:14:22.539 [warning] [Git][getBranch] No such branch: main
2025-05-14 17:14:22.569 [info] > git for-each-ref --sort -committerdate --format %(refname) %(objectname) %(*objectname) [3ms]
2025-05-14 17:14:22.600 [info] > git status -z -uall [54ms]
2025-05-14 17:14:40.951 [info] [Git][getRemotes] No remotes found in the git config file
2025-05-14 17:14:40.953 [info] > git config --get commit.template [10ms]
2025-05-14 17:14:40.954 [info] > git for-each-ref --format=%(refname)%00%(upstream:short)%00%(objectname)%00%(upstream:track)%00%(upstream:remotename)%00%(upstream:remoteref) refs/heads/main refs/remotes/main [3ms]
2025-05-14 17:14:40.954 [warning] [Git][getBranch] No such branch: main
2025-05-14 17:14:40.984 [info] > git for-each-ref --sort -committerdate --format %(refname) %(objectname) %(*objectname) [5ms]
2025-05-14 17:14:41.012 [info] > git status -z -uall [51ms]
2025-05-14 17:14:46.086 [info] > git config --get commit.template [7ms]
2025-05-14 17:14:46.086 [info] [Git][getRemotes] No remotes found in the git config file
2025-05-14 17:14:46.087 [info] > git for-each-ref --format=%(refname)%00%(upstream:short)%00%(objectname)%00%(upstream:track)%00%(upstream:remotename)%00%(upstream:remoteref) refs/heads/main refs/remotes/main [2ms]
2025-05-14 17:14:46.087 [warning] [Git][getBranch] No such branch: main
2025-05-14 17:14:46.120 [info] > git for-each-ref --sort -committerdate --format %(refname) %(objectname) %(*objectname) [5ms]
2025-05-14 17:14:46.146 [info] > git status -z -uall [51ms]
2025-05-14 17:14:53.665 [info] > git ls-files --stage -- /home/ubongmarshalinwang/application.js [4ms]
2025-05-14 17:14:53.673 [info] > git cat-file -s b30ad42ff97bcc12be7f82d25335ea470c8c98da [2ms]
2025-05-14 17:14:53.768 [info] > git show --textconv :application.js [5ms]
2025-05-14 17:15:03.255 [info] [Git][getRemotes] No remotes found in the git config file
2025-05-14 17:15:03.256 [info] > git config --get commit.template [12ms]
2025-05-14 17:15:03.258 [info] > git for-each-ref --format=%(refname)%00%(upstream:short)%00%(objectname)%00%(upstream:track)%00%(upstream:remotename)%00%(upstream:remoteref) refs/heads/main refs/remotes/main [4ms]
2025-05-14 17:15:03.258 [warning] [Git][getBranch] No such branch: main
2025-05-14 17:15:03.297 [info] > git for-each-ref --sort -committerdate --format %(refname) %(objectname) %(*objectname) [4ms]
2025-05-14 17:15:03.334 [info] > git status -z -uall [64ms]
2025-05-14 17:15:08.412 [info] [Git][getRemotes] No remotes found in the git config file
2025-05-14 17:15:08.413 [info] > git config --get commit.template [8ms]
2025-05-14 17:15:08.414 [info] > git for-each-ref --format=%(refname)%00%(upstream:short)%00%(objectname)%00%(upstream:track)%00%(upstream:remotename)%00%(upstream:remoteref) refs/heads/main refs/remotes/main [2ms]
2025-05-14 17:15:08.415 [warning] [Git][getBranch] No such branch: main
2025-05-14 17:15:08.442 [info] > git for-each-ref --sort -committerdate --format %(refname) %(objectname) %(*objectname) [3ms]
2025-05-14 17:15:08.462 [info] > git status -z -uall [42ms]
2025-05-14 17:15:16.057 [info] [Git][getRemotes] No remotes found in the git config file
2025-05-14 17:15:16.058 [info] > git config --get commit.template [7ms]
2025-05-14 17:15:16.059 [info] > git for-each-ref --format=%(refname)%00%(upstream:short)%00%(objectname)%00%(upstream:track)%00%(upstream:remotename)%00%(upstream:remoteref) refs/heads/main refs/remotes/main [3ms]
2025-05-14 17:15:16.059 [warning] [Git][getBranch] No such branch: main
2025-05-14 17:15:16.088 [info] > git for-each-ref --sort -committerdate --format %(refname) %(objectname) %(*objectname) [7ms]
2025-05-14 17:15:16.113 [info] > git status -z -uall [49ms]
2025-05-14 17:15:18.870 [info] > git ls-files --stage -- /home/ubongmarshalinwang/application.js [4ms]
2025-05-14 17:15:18.879 [info] > git cat-file -s b30ad42ff97bcc12be7f82d25335ea470c8c98da [3ms]
2025-05-14 17:15:18.972 [info] > git show --textconv :application.js [5ms]
2025-05-14 17:15:29.717 [info] [Git][getRemotes] No remotes found in the git config file
2025-05-14 17:15:29.719 [info] > git config --get commit.template [9ms]
2025-05-14 17:15:29.720 [info] > git for-each-ref --format=%(refname)%00%(upstream:short)%00%(objectname)%00%(upstream:track)%00%(upstream:remotename)%00%(upstream:remoteref) refs/heads/main refs/remotes/main [2ms]
2025-05-14 17:15:29.720 [warning] [Git][getBranch] No such branch: main
2025-05-14 17:15:29.753 [info] > git for-each-ref --sort -committerdate --format %(refname) %(objectname) %(*objectname) [6ms]
2025-05-14 17:15:29.771 [info] > git status -z -uall [44ms]
2025-05-14 17:15:31.154 [info] > git check-ignore -v -z --stdin [4ms]
2025-05-14 17:15:33.387 [info] > git ls-files --stage -- /home/ubongmarshalinwang/application.js [4ms]
2025-05-14 17:15:33.394 [info] > git cat-file -s b30ad42ff97bcc12be7f82d25335ea470c8c98da [2ms]
2025-05-14 17:15:33.487 [info] > git show --textconv :application.js [4ms]
2025-05-14 17:16:56.147 [info] [Git][getRemotes] No remotes found in the git config file
2025-05-14 17:16:56.148 [info] > git config --get commit.template [7ms]
2025-05-14 17:16:56.150 [info] > git for-each-ref --format=%(refname)%00%(upstream:short)%00%(objectname)%00%(upstream:track)%00%(upstream:remotename)%00%(upstream:remoteref) refs/heads/main refs/remotes/main [3ms]
2025-05-14 17:16:56.176 [info] > git for-each-ref --sort -committerdate --format %(refname) %(objectname) %(*objectname) [5ms]
2025-05-14 17:16:56.199 [info] > git status -z -uall [43ms]
2025-05-14 17:16:57.636 [info] > git check-ignore -v -z --stdin [5ms]
2025-05-14 17:17:01.242 [info] [Git][getRemotes] No remotes found in the git config file
2025-05-14 17:17:01.243 [info] > git config --get commit.template [12ms]
2025-05-14 17:17:01.248 [info] > git for-each-ref --format=%(refname)%00%(upstream:short)%00%(objectname)%00%(upstream:track)%00%(upstream:remotename)%00%(upstream:remoteref) refs/heads/main refs/remotes/main [5ms]
2025-05-14 17:17:01.290 [info] > git for-each-ref --sort -committerdate --format %(refname) %(objectname) %(*objectname) [3ms]
2025-05-14 17:17:01.314 [info] > git status -z -uall [57ms]
2025-05-14 17:17:01.532 [info] > git log --format=%H%n%aN%n%aE%n%at%n%ct%n%P%n%D%n%B -z --shortstat --diff-merges=first-parent -n50 --skip=0 --topo-order --decorate=full --stdin [4548ms]
2025-05-14 17:17:02.117 [info] > git check-ignore -v -z --stdin [6ms]
2025-05-14 17:17:09.389 [info] > git add -A -- /home/ubongmarshalinwang/.bash_history /home/ubongmarshalinwang/.codeoss/data/logs/20250514T144623/exthost2/output_logging_20250514T170208/1-EditorConfig.log /home/ubongmarshalinwang/.codeoss/data/logs/20250514T144623/exthost2/remoteexthost.log /home/ubongmarshalinwang/.codeoss/data/logs/20250514T144623/exthost2/vscode.git/Git.log [19ms]
2025-05-14 17:17:09.411 [info] [Git][getRemotes] No remotes found in the git config file
2025-05-14 17:17:09.412 [info] > git config --get commit.template [10ms]
2025-05-14 17:17:09.416 [info] > git for-each-ref --format=%(refname)%00%(upstream:short)%00%(objectname)%00%(upstream:track)%00%(upstream:remotename)%00%(upstream:remoteref) refs/heads/main refs/remotes/main [5ms]
2025-05-14 17:17:09.450 [info] > git for-each-ref --sort -committerdate --format %(refname) %(objectname) %(*objectname) [4ms]
2025-05-14 17:17:09.471 [info] > git status -z -uall [47ms]
2025-05-14 17:17:11.003 [info] > git ls-files --stage -- /home/ubongmarshalinwang/application.js [53ms]
2025-05-14 17:17:11.034 [info] > git cat-file -s b30ad42ff97bcc12be7f82d25335ea470c8c98da [23ms]
2025-05-14 17:17:11.134 [info] > git show --textconv :application.js [6ms]
2025-05-14 17:17:31.122 [info] [Git][getRemotes] No remotes found in the git config file
2025-05-14 17:17:31.123 [info] > git config --get commit.template [7ms]
2025-05-14 17:17:31.125 [info] > git for-each-ref --format=%(refname)%00%(upstream:short)%00%(objectname)%00%(upstream:track)%00%(upstream:remotename)%00%(upstream:remoteref) refs/heads/main refs/remotes/main [2ms]
2025-05-14 17:17:31.149 [info] > git for-each-ref --sort -committerdate --format %(refname) %(objectname) %(*objectname) [3ms]
2025-05-14 17:17:33.159 [info] > git status -z -uall [2029ms]
2025-05-14 17:17:38.176 [info] [Git][getRemotes] No remotes found in the git config file
2025-05-14 17:17:38.176 [info] > git config --get commit.template [7ms]
2025-05-14 17:17:38.178 [info] > git for-each-ref --format=%(refname)%00%(upstream:short)%00%(objectname)%00%(upstream:track)%00%(upstream:remotename)%00%(upstream:remoteref) refs/heads/main refs/remotes/main [3ms]
2025-05-14 17:17:38.201 [info] > git for-each-ref --sort -committerdate --format %(refname) %(objectname) %(*objectname) [6ms]
2025-05-14 17:17:38.227 [info] > git status -z -uall [42ms]
2025-05-14 17:17:42.630 [info] > git ls-files --stage -- /home/ubongmarshalinwang/application.js [3ms]
2025-05-14 17:17:42.637 [info] > git cat-file -s b30ad42ff97bcc12be7f82d25335ea470c8c98da [2ms]
2025-05-14 17:17:42.730 [info] > git show --textconv :application.js [4ms]
2025-05-14 17:17:57.031 [info] > git add -A -- /home/ubongmarshalinwang/.codeoss/data/logs/20250514T144623/exthost2/output_logging_20250514T170208/1-EditorConfig.log /home/ubongmarshalinwang/.codeoss/data/logs/20250514T144623/exthost2/vscode.git/Git.log [27ms]
2025-05-14 17:17:57.048 [info] > git for-each-ref --format=%(refname)%00%(upstream:short)%00%(objectname)%00%(upstream:track)%00%(upstream:remotename)%00%(upstream:remoteref) refs/heads/main refs/remotes/main [3ms]
2025-05-14 17:17:57.049 [info] > git config --get commit.template [10ms]
2025-05-14 17:17:57.073 [info] > git for-each-ref --sort -committerdate --format %(refname) %(objectname) %(*objectname) [3ms]
2025-05-14 17:17:57.092 [info] > git status -z -uall [37ms]
2025-05-14 17:17:58.584 [info] > git ls-files --stage -- /home/ubongmarshalinwang/application.js [4ms]
2025-05-14 17:17:58.591 [info] > git cat-file -s b30ad42ff97bcc12be7f82d25335ea470c8c98da [2ms]
2025-05-14 17:17:58.708 [info] > git show --textconv :application.js [3ms]
2025-05-14 17:18:02.910 [info] > git -c user.useConfigOnly=true commit --quiet --allow-empty-message --file - [88ms]
2025-05-14 17:18:02.918 [info] > git config --get commit.template [2ms]
2025-05-14 17:18:02.933 [info] > git config --get commit.template [7ms]
2025-05-14 17:18:02.934 [info] > git for-each-ref --format=%(refname)%00%(upstream:short)%00%(objectname)%00%(upstream:track)%00%(upstream:remotename)%00%(upstream:remoteref) refs/heads/main refs/remotes/main [3ms]
2025-05-14 17:18:02.967 [info] > git for-each-ref --sort -committerdate --format %(refname) %(objectname) %(*objectname) [8ms]
2025-05-14 17:18:02.986 [info] > git status -z -uall [43ms]
2025-05-14 17:18:03.380 [info] > git config --get commit.template [13ms]
2025-05-14 17:18:03.383 [info] > git for-each-ref --format=%(refname)%00%(upstream:short)%00%(objectname)%00%(upstream:track)%00%(upstream:remotename)%00%(upstream:remoteref) refs/heads/main refs/remotes/main [4ms]
2025-05-14 17:18:03.431 [info] > git for-each-ref --sort -committerdate --format %(refname) %(objectname) %(*objectname) [7ms]
2025-05-14 17:18:03.469 [info] > git status -z -uall [77ms]
2025-05-14 17:18:03.612 [info] > git config --get commit.template [10ms]
2025-05-14 17:18:03.616 [info] > git for-each-ref --format=%(refname)%00%(upstream:short)%00%(objectname)%00%(upstream:track)%00%(upstream:remotename)%00%(upstream:remoteref) refs/heads/main refs/remotes/main [5ms]
2025-05-14 17:18:03.656 [info] > git for-each-ref --sort -committerdate --format %(refname) %(objectname) %(*objectname) [5ms]
2025-05-14 17:18:03.681 [info] > git status -z -uall [56ms]
2025-05-14 17:18:04.556 [info] > git ls-files --stage -- /home/ubongmarshalinwang/application.js [6ms]
2025-05-14 17:18:04.568 [info] > git cat-file -s b30ad42ff97bcc12be7f82d25335ea470c8c98da [2ms]
2025-05-14 17:18:04.664 [info] > git show --textconv :application.js [6ms]
2025-05-14 17:18:04.817 [info] > git add -A -- /home/ubongmarshalinwang/.bash_history /home/ubongmarshalinwang/.codeoss/data/logs/20250514T144623/exthost2/vscode.git/Git.log [33ms]
2025-05-14 17:18:04.827 [info] > git config --get commit.template [3ms]
2025-05-14 17:18:04.835 [info] > git for-each-ref --format=%(refname)%00%(upstream:short)%00%(objectname)%00%(upstream:track)%00%(upstream:remotename)%00%(upstream:remoteref) refs/heads/main refs/remotes/main [3ms]
2025-05-14 17:18:04.860 [info] > git for-each-ref --sort -committerdate --format %(refname) %(objectname) %(*objectname) [2ms]
2025-05-14 17:18:04.878 [info] > git status -z -uall [38ms]
2025-05-14 17:18:06.335 [info] > git ls-files --stage -- /home/ubongmarshalinwang/application.js [5ms]
2025-05-14 17:18:06.347 [info] > git cat-file -s b30ad42ff97bcc12be7f82d25335ea470c8c98da [3ms]
2025-05-14 17:18:06.443 [info] > git show --textconv :application.js [8ms]
2025-05-14 17:18:07.770 [info] > git log --format=%H%n%aN%n%aE%n%at%n%ct%n%P%n%D%n%B -z --shortstat --diff-merges=first-parent -n50 --skip=0 --topo-order --decorate=full --stdin [4463ms]
2025-05-14 17:18:13.494 [info] > git add -A -- /home/ubongmarshalinwang/.codeoss/data/logs/20250514T144623/exthost2/vscode.git/Git.log [13ms]
2025-05-14 17:18:13.511 [info] > git config --get commit.template [10ms]
2025-05-14 17:18:13.515 [info] > git for-each-ref --format=%(refname)%00%(upstream:short)%00%(objectname)%00%(upstream:track)%00%(upstream:remotename)%00%(upstream:remoteref) refs/heads/main refs/remotes/main [5ms]
2025-05-14 17:18:13.540 [info] > git for-each-ref --sort -committerdate --format %(refname) %(objectname) %(*objectname) [10ms]
2025-05-14 17:18:13.561 [info] > git status -z -uall [40ms]
2025-05-14 17:18:14.970 [info] > git ls-files --stage -- /home/ubongmarshalinwang/application.js [7ms]
2025-05-14 17:18:14.979 [info] > git cat-file -s b30ad42ff97bcc12be7f82d25335ea470c8c98da [2ms]
2025-05-14 17:18:15.071 [info] > git show --textconv :application.js [3ms]
2025-05-14 17:18:38.139 [info] > git -c user.useConfigOnly=true commit --quiet --allow-empty-message --file - [104ms]
2025-05-14 17:18:38.149 [info] > git config --get commit.template [3ms]
2025-05-14 17:18:38.163 [info] > git config --get commit.template [4ms]
2025-05-14 17:18:38.174 [info] > git for-each-ref --format=%(refname)%00%(upstream:short)%00%(objectname)%00%(upstream:track)%00%(upstream:remotename)%00%(upstream:remoteref) refs/heads/main refs/remotes/main [3ms]
2025-05-14 17:18:38.208 [info] > git for-each-ref --sort -committerdate --format %(refname) %(objectname) %(*objectname) [6ms]
2025-05-14 17:18:38.226 [info] > git status -z -uall [44ms]
2025-05-14 17:18:38.427 [info] > git config --get commit.template [13ms]
2025-05-14 17:18:38.432 [info] > git for-each-ref --format=%(refname)%00%(upstream:short)%00%(objectname)%00%(upstream:track)%00%(upstream:remotename)%00%(upstream:remoteref) refs/heads/main refs/remotes/main [7ms]
2025-05-14 17:18:38.487 [info] > git for-each-ref --sort -committerdate --format %(refname) %(objectname) %(*objectname) [19ms]
2025-05-14 17:18:38.514 [info] > git status -z -uall [70ms]
2025-05-14 17:18:38.725 [info] > git config --get commit.template [6ms]
2025-05-14 17:18:38.741 [info] > git for-each-ref --format=%(refname)%00%(upstream:short)%00%(objectname)%00%(upstream:track)%00%(upstream:remotename)%00%(upstream:remoteref) refs/heads/main refs/remotes/main [4ms]
2025-05-14 17:18:38.789 [info] > git for-each-ref --sort -committerdate --format %(refname) %(objectname) %(*objectname) [9ms]
2025-05-14 17:18:38.818 [info] > git status -z -uall [67ms]
2025-05-14 17:18:39.686 [info] > git ls-files --stage -- /home/ubongmarshalinwang/application.js [9ms]
2025-05-14 17:18:39.700 [info] > git cat-file -s b30ad42ff97bcc12be7f82d25335ea470c8c98da [6ms]
2025-05-14 17:18:39.800 [info] > git show --textconv :application.js [7ms]
2025-05-14 17:18:41.444 [info] > git log --format=%H%n%aN%n%aE%n%at%n%ct%n%P%n%D%n%B -z --shortstat --diff-merges=first-parent -n50 --skip=0 --topo-order --decorate=full --stdin [3064ms]
2025-05-14 17:18:42.725 [info] > git push [3ms]
2025-05-14 17:18:42.725 [info] fatal: The current branch main has no upstream branch.
To push the current branch and set the remote as upstream, use

    git push --set-upstream origin main

To have this happen automatically for branches without a tracking
upstream, see 'push.autoSetupRemote' in 'git help config'.
2025-05-14 17:18:42.741 [info] > git config --get commit.template [7ms]
2025-05-14 17:18:42.743 [info] > git for-each-ref --format=%(refname)%00%(upstream:short)%00%(objectname)%00%(upstream:track)%00%(upstream:remotename)%00%(upstream:remoteref) refs/heads/main refs/remotes/main [3ms]
2025-05-14 17:18:42.773 [info] > git for-each-ref --sort -committerdate --format %(refname) %(objectname) %(*objectname) [5ms]
2025-05-14 17:18:42.791 [info] > git status -z -uall [40ms]
2025-05-14 17:23:22.441 [info] > git push -u origin main [269742ms]
2025-05-14 17:23:22.441 [info] To https://github.com/222093271/SIT737-2025-PRAC10P.git
 ! [rejected]        main -> main (fetch first)
error: failed to push some refs to 'https://github.com/222093271/SIT737-2025-PRAC10P.git'
hint: Updates were rejected because the remote contains work that you do not
hint: have locally. This is usually caused by another repository pushing to
hint: the same ref. If you want to integrate the remote changes, use
hint: 'git pull' before pushing again.
hint: See the 'Note about fast-forwards' in 'git push --help' for details.
2025-05-14 17:23:22.457 [info] > git config --get commit.template [5ms]
2025-05-14 17:23:22.467 [info] > git for-each-ref --format=%(refname)%00%(upstream:short)%00%(objectname)%00%(upstream:track)%00%(upstream:remotename)%00%(upstream:remoteref) refs/heads/main refs/remotes/main [2ms]
2025-05-14 17:23:22.496 [info] > git for-each-ref --sort -committerdate --format %(refname) %(objectname) %(*objectname) [4ms]
2025-05-14 17:23:22.511 [info] > git status -z -uall [38ms]
2025-05-14 17:23:22.532 [info] > git config --get commit.template [8ms]
2025-05-14 17:23:22.533 [info] > git for-each-ref --format=%(refname)%00%(upstream:short)%00%(objectname)%00%(upstream:track)%00%(upstream:remotename)%00%(upstream:remoteref) refs/heads/main refs/remotes/main [2ms]
2025-05-14 17:23:22.560 [info] > git for-each-ref --sort -committerdate --format %(refname) %(objectname) %(*objectname) [1ms]
2025-05-14 17:23:22.576 [info] > git status -z -uall [36ms]
2025-05-14 17:23:23.366 [info] > git check-ignore -v -z --stdin [4ms]
2025-05-14 17:24:38.539 [info] > git add -A -- /home/ubongmarshalinwang/.codeoss/data/logs/20250514T144623/exthost2/output_logging_20250514T170208/1-EditorConfig.log /home/ubongmarshalinwang/.codeoss/data/logs/20250514T144623/exthost2/remoteexthost.log /home/ubongmarshalinwang/.codeoss/data/logs/20250514T144623/exthost2/vscode.git/Git.log /home/ubongmarshalinwang/.codeoss/cli/serve-web-key-half /home/ubongmarshalinwang/.codeoss/data/logs/20250514T144623/exthost2/vscode.github-authentication/GitHub Authentication.log [57ms]
2025-05-14 17:24:38.555 [info] > git config --get commit.template [8ms]
2025-05-14 17:24:38.557 [info] > git for-each-ref --format=%(refname)%00%(upstream:short)%00%(objectname)%00%(upstream:track)%00%(upstream:remotename)%00%(upstream:remoteref) refs/heads/main refs/remotes/main [3ms]
2025-05-14 17:24:38.582 [info] > git for-each-ref --sort -committerdate --format %(refname) %(objectname) %(*objectname) [1ms]
2025-05-14 17:24:38.603 [info] > git status -z -uall [39ms]
2025-05-14 17:24:40.084 [info] > git ls-files --stage -- /home/ubongmarshalinwang/application.js [3ms]
2025-05-14 17:24:40.092 [info] > git cat-file -s b30ad42ff97bcc12be7f82d25335ea470c8c98da [2ms]
2025-05-14 17:24:40.186 [info] > git show --textconv :application.js [4ms]
2025-05-14 17:24:41.639 [info] > git add -A -- /home/ubongmarshalinwang/.bash_history /home/ubongmarshalinwang/.codeoss/data/logs/20250514T144623/exthost2/vscode.git/Git.log [40ms]
2025-05-14 17:24:41.661 [info] > git config --get commit.template [11ms]
2025-05-14 17:24:41.663 [info] > git for-each-ref --format=%(refname)%00%(upstream:short)%00%(objectname)%00%(upstream:track)%00%(upstream:remotename)%00%(upstream:remoteref) refs/heads/main refs/remotes/main [3ms]
2025-05-14 17:24:41.695 [info] > git for-each-ref --sort -committerdate --format %(refname) %(objectname) %(*objectname) [3ms]
2025-05-14 17:24:41.717 [info] > git status -z -uall [45ms]
2025-05-14 17:24:43.324 [info] > git ls-files --stage -- /home/ubongmarshalinwang/application.js [5ms]
2025-05-14 17:24:43.335 [info] > git cat-file -s b30ad42ff97bcc12be7f82d25335ea470c8c98da [3ms]
2025-05-14 17:24:43.480 [info] > git show --textconv :application.js [8ms]
2025-05-14 17:24:44.342 [info] > git add -A -- /home/ubongmarshalinwang/.codeoss/data/logs/20250514T144623/exthost2/vscode.git/Git.log [13ms]
2025-05-14 17:24:44.358 [info] > git config --get commit.template [3ms]
2025-05-14 17:24:44.369 [info] > git for-each-ref --format=%(refname)%00%(upstream:short)%00%(objectname)%00%(upstream:track)%00%(upstream:remotename)%00%(upstream:remoteref) refs/heads/main refs/remotes/main [2ms]
2025-05-14 17:24:44.400 [info] > git for-each-ref --sort -committerdate --format %(refname) %(objectname) %(*objectname) [6ms]
2025-05-14 17:24:44.423 [info] > git status -z -uall [47ms]
2025-05-14 17:24:46.272 [info] > git ls-files --stage -- /home/ubongmarshalinwang/application.js [5ms]
2025-05-14 17:24:46.283 [info] > git cat-file -s b30ad42ff97bcc12be7f82d25335ea470c8c98da [3ms]
2025-05-14 17:24:46.391 [info] > git show --textconv :application.js [7ms]
2025-05-14 17:24:49.786 [info] > git add -A -- /home/ubongmarshalinwang/.codeoss/data/logs/20250514T144623/exthost2/vscode.git/Git.log [12ms]
2025-05-14 17:24:49.806 [info] > git config --get commit.template [10ms]
2025-05-14 17:24:49.808 [info] > git for-each-ref --format=%(refname)%00%(upstream:short)%00%(objectname)%00%(upstream:track)%00%(upstream:remotename)%00%(upstream:remoteref) refs/heads/main refs/remotes/main [3ms]
2025-05-14 17:24:49.838 [info] > git for-each-ref --sort -committerdate --format %(refname) %(objectname) %(*objectname) [6ms]
2025-05-14 17:24:49.852 [info] > git status -z -uall [37ms]
2025-05-14 17:24:51.302 [info] > git ls-files --stage -- /home/ubongmarshalinwang/application.js [5ms]
2025-05-14 17:24:51.313 [info] > git cat-file -s b30ad42ff97bcc12be7f82d25335ea470c8c98da [3ms]
2025-05-14 17:24:51.593 [info] > git show --textconv :application.js [5ms]
2025-05-14 17:24:52.222 [info] > git add -A -- /home/ubongmarshalinwang/.codeoss/data/logs/20250514T144623/exthost2/vscode.git/Git.log [13ms]
2025-05-14 17:24:52.247 [info] > git config --get commit.template [10ms]
2025-05-14 17:24:52.248 [info] > git for-each-ref --format=%(refname)%00%(upstream:short)%00%(objectname)%00%(upstream:track)%00%(upstream:remotename)%00%(upstream:remoteref) refs/heads/main refs/remotes/main [3ms]
2025-05-14 17:24:52.283 [info] > git for-each-ref --sort -committerdate --format %(refname) %(objectname) %(*objectname) [2ms]
2025-05-14 17:24:52.302 [info] > git status -z -uall [44ms]
2025-05-14 17:24:53.723 [info] > git ls-files --stage -- /home/ubongmarshalinwang/application.js [4ms]
2025-05-14 17:24:53.734 [info] > git cat-file -s b30ad42ff97bcc12be7f82d25335ea470c8c98da [3ms]
2025-05-14 17:24:54.042 [info] > git show --textconv :application.js [5ms]
2025-05-14 17:25:10.607 [info] > git config --get commit.template [13ms]
2025-05-14 17:25:10.609 [info] > git for-each-ref --format=%(refname)%00%(upstream:short)%00%(objectname)%00%(upstream:track)%00%(upstream:remotename)%00%(upstream:remoteref) refs/heads/main refs/remotes/main [3ms]
2025-05-14 17:25:10.642 [info] > git for-each-ref --sort -committerdate --format %(refname) %(objectname) %(*objectname) [5ms]
2025-05-14 17:25:10.666 [info] > git status -z -uall [48ms]
2025-05-14 17:25:16.328 [info] > git show --textconv :.git/COMMIT_EDITMSG [13ms]
2025-05-14 17:25:16.331 [info] > git ls-files --stage -- /home/ubongmarshalinwang/.git/COMMIT_EDITMSG [5ms]
2025-05-14 17:25:16.453 [info] > git check-ignore -v -z --stdin [5ms]
2025-05-14 17:25:16.574 [info] > git ls-files --stage -- /home/ubongmarshalinwang/.git/COMMIT_EDITMSG [4ms]
2025-05-14 17:25:16.710 [info] > git show --textconv :.git/COMMIT_EDITMSG [6ms]
2025-05-14 17:26:39.882 [info] > git show --textconv HEAD:.codeoss/data/logs/20250514T144623/exthost2/vscode.git/Git.log [35ms]
2025-05-14 17:26:39.882 [info] > git show --textconv :.codeoss/data/logs/20250514T144623/exthost2/vscode.git/Git.log [25ms]
2025-05-14 17:26:39.883 [info] > git ls-tree -l HEAD -- /home/ubongmarshalinwang/.codeoss/data/logs/20250514T144623/exthost2/vscode.git/Git.log [13ms]
2025-05-14 17:26:39.888 [info] > git ls-files --stage -- /home/ubongmarshalinwang/.codeoss/data/logs/20250514T144623/exthost2/vscode.git/Git.log [9ms]
2025-05-14 17:26:39.901 [info] > git cat-file -s 5d40aafa342a154922e70e683372903b28c8c6a1 [4ms]
2025-05-14 17:26:40.412 [info] > git check-ignore -v -z --stdin [5ms]
2025-05-14 17:26:43.420 [info] > git show --textconv HEAD:.codeoss/cli/serve-web-key-half [32ms]
2025-05-14 17:26:43.420 [info] > git show --textconv :.codeoss/cli/serve-web-key-half [22ms]
2025-05-14 17:26:43.421 [info] > git ls-tree -l HEAD -- /home/ubongmarshalinwang/.codeoss/cli/serve-web-key-half [14ms]
2025-05-14 17:26:43.424 [info] > git ls-files --stage -- /home/ubongmarshalinwang/.codeoss/cli/serve-web-key-half [9ms]
2025-05-14 17:26:43.435 [info] > git cat-file -s 358aaf9d6d39ff55a9438bc40ac1edaf5b36499e [2ms]
2025-05-14 17:26:43.933 [info] > git check-ignore -v -z --stdin [4ms]
