Initializing document watcher...
Document watcher initialized
/User/settings.json: Using EditorConfig core...
ubongmarshalinwang/simple-register-app/simple-register-app/index.html: {}
ubongmarshalinwang/simple-register-app/simple-register-app/style.css: {}
ubongmarshalinwang/simple-register-app/simple-register-app/t: {}
ubongmarshalinwang/simple-register-app/simple-register-app/t: {}
ubongmarshalinwang/simple-register-app/simple-register-app/style.css: {}
ubongmarshalinwang/simple-register-app/simple-register-app/script.js: {}
ubongmarshalinwang/simple-register-app/simple-register-app/application.js: {}
ubongmarshalinwang/simple-register-app/simple-register-app/Dockerfile: {}
ubongmarshalinwang/simple-register-app/simple-register-app/docker-compose.yaml: {}
ubongmarshalinwang/simple-register-app/simple-register-app/e: {}
ubongmarshalinwang/simple-register-app/simple-register-app/.env: {}
ubongmarshalinwang/simple-register-app/simple-register-app/.env: {}
ubongmarshalinwang/simple-register-app/simple-register-app/.env: {}
ubongmarshalinwang/simple-register-app/simple-register-app/.env: {}
ubongmarshalinwang/public-register-app: {}
No more open editors.
No more open editors.
ubongmarshalinwang/public/index.html: {}
ubongmarshalinwang/public/style.css: {}
ubongmarshalinwang/public/style.css: {}
ubongmarshalinwang/public/style.css: {}
ubongmarshalinwang/public/script.js: {}
ubongmarshalinwang/application.js: {}
ubongmarshalinwang/public/index.html: {}
ubongmarshalinwang/public/index.html: {}
ubongmarshalinwang/public/index.html: Using EditorConfig core...
ubongmarshalinwang/public/index.html: Using EditorConfig core...
ubongmarshalinwang/public/style.css: {}
ubongmarshalinwang/public/style.css: {}
ubongmarshalinwang/public/style.css: Using EditorConfig core...
ubongmarshalinwang/public/style.css: Using EditorConfig core...
ubongmarshalinwang/public/index.html: {}
ubongmarshalinwang/public/index.html: Using EditorConfig core...
ubongmarshalinwang/public/index.html: Using EditorConfig core...
ubongmarshalinwang/public/index.html: Using EditorConfig core...
ubongmarshalinwang/public/index.html: Using EditorConfig core...
ubongmarshalinwang/public/index.html: Using EditorConfig core...
ubongmarshalinwang/public/index.html: Using EditorConfig core...
ubongmarshalinwang/public/index.html: Using EditorConfig core...
ubongmarshalinwang/public/script.js: {}
ubongmarshalinwang/public/script.js: {}
ubongmarshalinwang/public/script.js: Using EditorConfig core...
ubongmarshalinwang/application.js: {}
ubongmarshalinwang/application.js: {}
ubongmarshalinwang/application.js: Using EditorConfig core...
ubongmarshalinwang/application.js: {}
ubongmarshalinwang/Dockerfile: {}
ubongmarshalinwang/Dockerfile: Using EditorConfig core...
ubongmarshalinwang/docker-compose.yaml: {}
ubongmarshalinwang/docker-compose.yaml: {}
ubongmarshalinwang/docker-compose.yaml: Using EditorConfig core...
ubongmarshalinwang/Dockerfile: {}
ubongmarshalinwang/Dockerfile: Using EditorConfig core...
ubongmarshalinwang/.env : {}
ubongmarshalinwang/.env : {}
ubongmarshalinwang/.env : {}
ubongmarshalinwang/Dockerfile: {}
ubongmarshalinwang/.env: {}
ubongmarshalinwang/.env: {}
ubongmarshalinwang/.env: Using EditorConfig core...
ubongmarshalinwang/.env: {}
ubongmarshalinwang/package.json: {}
ubongmarshalinwang/package.json: {}
ubongmarshalinwang/package.json: {}
ubongmarshalinwang/public/index.html: {}
ubongmarshalinwang/package.json: {}
ubongmarshalinwang/package.json: {}
ubongmarshalinwang/package.json: Using EditorConfig core...
ubongmarshalinwang/package.json: Using EditorConfig core...
ubongmarshalinwang/package.json: Using EditorConfig core...
ubongmarshalinwang/package-lock.json: {}
ubongmarshalinwang/docker-compose.yaml: {}
ubongmarshalinwang/package.json: {}
ubongmarshalinwang/package.json: Using EditorConfig core...
ubongmarshalinwang/package.json: Using EditorConfig core...
ubongmarshalinwang/package.json: Using EditorConfig core...
ubongmarshalinwang/package.json: Using EditorConfig core...
ubongmarshalinwang/package.json: Using EditorConfig core...
ubongmarshalinwang/package.json: {}
ubongmarshalinwang/package.json: {}
ubongmarshalinwang/package.json: {}
ubongmarshalinwang/mongo-secret.yaml: {}
ubongmarshalinwang/mongo-secret.yaml: {}
ubongmarshalinwang/mongo-secret.yaml: {}
ubongmarshalinwang/mongo-secret.yaml: {}
ubongmarshalinwang/mongo-secret.yaml: Using EditorConfig core...
ubongmarshalinwang/mongo-secret.yaml: {}
ubongmarshalinwang/mongo-secret.yaml: {}
ubongmarshalinwang/mongo-secret.yaml: {}
ubongmarshalinwang/mongo-secret.yaml: {}
ubongmarshalinwang/mongo-secret.yaml: {}
ubongmarshalinwang/mongo-secret.yaml: {}
ubongmarshalinwang/mongo-secret.yaml: {}
ubongmarshalinwang/docker-compose.yaml: {}
ubongmarshalinwang/docker-compose.yaml: Using EditorConfig core...
ubongmarshalinwang/docker-compose.yaml: {}
ubongmarshalinwang/docker-compose.yaml: {}
ubongmarshalinwang/docker-compose.yaml: {}
ubongmarshalinwang/docker-compose.yaml: {}
ubongmarshalinwang/docker-compose.yaml: {}
ubongmarshalinwang/docker-compose.yaml: {}
ubongmarshalinwang/app-deployment.yaml: {}
ubongmarshalinwang/app-deployment.yaml: Using EditorConfig core...
ubongmarshalinwang/app-deployment.yaml: {}
ubongmarshalinwang/app-deployment.yaml: {}
ubongmarshalinwang/app-deployment.yaml: {}
ubongmarshalinwang/app-deployment.yaml: {}
ubongmarshalinwang/app-deployment.yaml: {}
ubongmarshalinwang/app-deployment.yaml: Using EditorConfig core...
ubongmarshalinwang/app-deployment.yaml: Using EditorConfig core...
ubongmarshalinwang/app-deployment.yaml: Using EditorConfig core...
ubongmarshalinwang/app-deployment.yaml: {}
ubongmarshalinwang/app-deployment.yaml: {}
ubongmarshalinwang/app-deployment.yaml: {}
ubongmarshalinwang/app-deployment.yaml: {}
ubongmarshalinwang/app-deployment.yaml: {}
ubongmarshalinwang/app-deployment.yaml: {}
ubongmarshalinwang/app-deployment.yaml: {}
ubongmarshalinwang/app-deployment.yaml: {}
ubongmarshalinwang/app-deployment.yaml: {}
ubongmarshalinwang/app-deployment.yaml: {}
ubongmarshalinwang/app-deployment.yaml: {}
ubongmarshalinwang/app-deployment.yaml: {}
ubongmarshalinwang/app-deployment.yaml: {}
ubongmarshalinwang/app-deployment.yaml: {}
ubongmarshalinwang/app-deployment.yaml: {}
ubongmarshalinwang/app-deployment.yaml: {}
ubongmarshalinwang/app-deployment.yaml: {}
ubongmarshalinwang/app-deployment.yaml: {}
ubongmarshalinwang/app-deployment.yaml: {}
ubongmarshalinwang/app-deployment.yaml: {}
ubongmarshalinwang/app-deployment.yaml: {}
ubongmarshalinwang/app-deployment.yaml: {}
ubongmarshalinwang/app-deployment.yaml: {}
ubongmarshalinwang/app-deployment.yaml: {}
ubongmarshalinwang/app-deployment.yaml: {}
ubongmarshalinwang/app-deployment.yaml: {}
ubongmarshalinwang/app-deployment.yaml: {}
ubongmarshalinwang/app-deployment.yaml: {}
ubongmarshalinwang/app-deployment.yaml: {}
ubongmarshalinwang/app-deployment.yaml: {}
ubongmarshalinwang/app-deployment.yaml: {}
ubongmarshalinwang/app-deployment.yaml: {}
ubongmarshalinwang/app-deployment.yaml: {}
ubongmarshalinwang/app-deployment.yaml: {}
ubongmarshalinwang/app-deployment.yaml: {}
ubongmarshalinwang/app-deployment.yaml: {}
ubongmarshalinwang/k8s-deployment.yaml: {}
ubongmarshalinwang/k8s-deployment.yaml: {}
ubongmarshalinwang/k8s-deployment.yaml: {}
ubongmarshalinwang/k8s-deployment.yaml: {}
ubongmarshalinwang/k8s-deployment.yaml: {}
ubongmarshalinwang/mongo-secret.yaml: {}
ubongmarshalinwang/public/index.html: {}
ubongmarshalinwang/application.js: {}
ubongmarshalinwang/application.js: {}
ubongmarshalinwang/application.js: {}
ubongmarshalinwang/application.js: {}
ubongmarshalinwang/k8s-deployment.yaml: {}
ubongmarshalinwang/k8s-deployment.yaml: Using EditorConfig core...
ubongmarshalinwang/k8s-deployment.yaml: Using EditorConfig core...
ubongmarshalinwang/k8s-deployment.yaml: Using EditorConfig core...
ubongmarshalinwang/k8s-deployment.yaml: Using EditorConfig core...
ubongmarshalinwang/k8s-deployment.yaml: Using EditorConfig core...
ubongmarshalinwang/k8s-deployment.yaml: Using EditorConfig core...
ubongmarshalinwang/k8s-deployment.yaml: Using EditorConfig core...
ubongmarshalinwang/k8s-deployment.yaml: {}
ubongmarshalinwang/k8s-deployment.yaml: Using EditorConfig core...
ubongmarshalinwang/k8s-deployment.yaml: Using EditorConfig core...
ubongmarshalinwang/k8s-deployment.yaml: {}
ubongmarshalinwang/k8s-deployment.yaml: {}
ubongmarshalinwang/k8s-deployment.yaml: {}
ubongmarshalinwang/k8s-deployment.yaml: {}
ubongmarshalinwang/k8s-deployment.yaml: {}
ubongmarshalinwang/k8s-deployment.yaml: Using EditorConfig core...
ubongmarshalinwang/k8s-deployment.yaml: {}
ubongmarshalinwang/k8s-deployment.yaml: {}
ubongmarshalinwang/k8s-deployment.yaml: {}
ubongmarshalinwang/k8s-deployment.yaml: {}
ubongmarshalinwang/k8s-deployment.yaml: {}
ubongmarshalinwang/mongo-secret.yaml: {}
ubongmarshalinwang/mongo-secret.yaml: {}
ubongmarshalinwang/package-lock.json: {}
ubongmarshalinwang/docker-compose.yaml: {}
ubongmarshalinwang/docker-compose.yaml: Using EditorConfig core...
ubongmarshalinwang/docker-compose.yaml: {}
ubongmarshalinwang/docker-compose.yaml: {}
ubongmarshalinwang/docker-compose.yaml: Using EditorConfig core...
ubongmarshalinwang/docker-compose.yaml: {}
ubongmarshalinwang/docker-compose.yaml: {}
ubongmarshalinwang/docker-compose.yaml: {}
ubongmarshalinwang/docker-compose.yaml: {}
ubongmarshalinwang/docker-compose.yaml: {}
ubongmarshalinwang/docker-compose.yaml: {}
ubongmarshalinwang/docker-compose.yaml: {}
ubongmarshalinwang/docker-compose.yaml: {}
ubongmarshalinwang/docker-compose.yaml: {}
ubongmarshalinwang/docker-compose.yaml: Using EditorConfig core...
ubongmarshalinwang/docker-compose.yaml: Using EditorConfig core...
ubongmarshalinwang/docker-compose.yaml: Using EditorConfig core...
ubongmarshalinwang/docker-compose.yaml: Using EditorConfig core...
ubongmarshalinwang/docker-compose.yaml: Using EditorConfig core...
ubongmarshalinwang/.env: {}
ubongmarshalinwang/.env: Using EditorConfig core...
ubongmarshalinwang/.env: Using EditorConfig core...
ubongmarshalinwang/.env: Using EditorConfig core...
ubongmarshalinwang/.env: Using EditorConfig core...
ubongmarshalinwang/k8s-deployment.yaml: {}
ubongmarshalinwang/k8s-deployment.yaml: Using EditorConfig core...
ubongmarshalinwang/.env: {}
ubongmarshalinwang/package.json: {}
ubongmarshalinwang/mongo-secret.yaml: {}
ubongmarshalinwang/mongo-secret.yaml: Using EditorConfig core...
ubongmarshalinwang/mongo-secret.yaml: Using EditorConfig core...
ubongmarshalinwang/mongo-secret.yaml: Using EditorConfig core...
ubongmarshalinwang/k8s-deployment.yaml: {}
ubongmarshalinwang/public/script.js: {}
ubongmarshalinwang/k8s-deployment.yaml: {}
ubongmarshalinwang/k8s-deployment.yaml: {}
ubongmarshalinwang/k8s-deployment.yaml: {}
ubongmarshalinwang/k8s-deployment.yaml: {}
ubongmarshalinwang/k8s-deployment.yaml: {}
ubongmarshalinwang/k8s-deployment.yaml: {}
ubongmarshalinwang/k8s-deployment.yaml: {}
ubongmarshalinwang/k8s-deployment.yaml: {}
ubongmarshalinwang/k8s-deployment.yaml: {}
ubongmarshalinwang/k8s-deployment.yaml: {}
ubongmarshalinwang/k8s-deployment.yaml: {}
ubongmarshalinwang/k8s-deployment.yaml: {}
ubongmarshalinwang/k8s-deployment.yaml: {}
ubongmarshalinwang/k8s-deployment.yaml: {}
ubongmarshalinwang/k8s-deployment.yaml: {}
ubongmarshalinwang/k8s-deployment.yaml: {}
ubongmarshalinwang/k8s-deployment.yaml: {}
ubongmarshalinwang/k8s-deployment.yaml: {}
ubongmarshalinwang/mongo-secret.yaml: {}
ubongmarshalinwang/mongo-secret.yaml: {}
ubongmarshalinwang/mongo-secret.yaml: {}
ubongmarshalinwang/mongo-secret.yaml: Using EditorConfig core...
ubongmarshalinwang/mongo-secret.yaml: Using EditorConfig core...
ubongmarshalinwang/k8s-deployment.yaml: {}
ubongmarshalinwang/docker-compose.yaml: {}
ubongmarshalinwang/docker-compose.yaml: Using EditorConfig core...
ubongmarshalinwang/docker-compose.yaml: Using EditorConfig core...
ubongmarshalinwang/.env: {}
ubongmarshalinwang/.env: Using EditorConfig core...
ubongmarshalinwang/Dockerfile: {}
ubongmarshalinwang/application.js: {}
ubongmarshalinwang/application.js: {}
ubongmarshalinwang/application.js: {}
ubongmarshalinwang/application.js: {}
ubongmarshalinwang/application.js: {}
ubongmarshalinwang/application.js: {}
ubongmarshalinwang/application.js: {}
ubongmarshalinwang/application.js: {}
ubongmarshalinwang/mongo-secret.yaml: {}
ubongmarshalinwang/mongo-secret.yaml: Using EditorConfig core...
ubongmarshalinwang/mongo-secret.yaml: Using EditorConfig core...
ubongmarshalinwang/mongo-secret.yaml: Using EditorConfig core...
ubongmarshalinwang/mongo-secret.yaml: Using EditorConfig core...
ubongmarshalinwang/mongo-secret.yaml: {}
ubongmarshalinwang/mongo-secret.yaml: {}
ubongmarshalinwang/mongo-secret.yaml: Using EditorConfig core...
ubongmarshalinwang/mongo-secret.yaml: Using EditorConfig core...
ubongmarshalinwang/mongo-secret.yaml: Using EditorConfig core...
ubongmarshalinwang/mongo-secret.yaml: {}
ubongmarshalinwang/mongo-secret.yaml: {}
ubongmarshalinwang/mongo-secret.yaml: {}
ubongmarshalinwang/mongo-secret.yaml: Using EditorConfig core...
ubongmarshalinwang/k8s-deployment.yaml: {}
ubongmarshalinwang/.env: {}
ubongmarshalinwang/.env: Using EditorConfig core...
ubongmarshalinwang/.env: Using EditorConfig core...
ubongmarshalinwang/Dockerfile: {}
ubongmarshalinwang/application.js: {}
ubongmarshalinwang/mongo-secret.yaml: {}
ubongmarshalinwang/docker-compose.yaml: {}
ubongmarshalinwang/docker-compose.yaml: Using EditorConfig core...
ubongmarshalinwang/docker-compose.yaml: Using EditorConfig core...
ubongmarshalinwang/docker-compose.yaml: Using EditorConfig core...
ubongmarshalinwang/k8s-deployment.yaml: {}
ubongmarshalinwang/k8s-deployment.yaml: Using EditorConfig core...
ubongmarshalinwang/mongo-secret.yaml: {}
ubongmarshalinwang/mongo-secret.yaml: Using EditorConfig core...
ubongmarshalinwang/mongo-secret.yaml: Using EditorConfig core...
ubongmarshalinwang/.env: {}
ubongmarshalinwang/.env: Using EditorConfig core...
ubongmarshalinwang/Dockerfile: {}
ubongmarshalinwang/application.js: {}
ubongmarshalinwang/application.js: Using EditorConfig core...
ubongmarshalinwang/public/script.js: {}
ubongmarshalinwang/public/script.js: Using EditorConfig core...
ubongmarshalinwang/public/script.js: Using EditorConfig core...
ubongmarshalinwang/public/index.html: {}
ubongmarshalinwang/public/script.js: {}
ubongmarshalinwang/public/script.js: Using EditorConfig core...
ubongmarshalinwang/public/style.css: {}
ubongmarshalinwang/public/index.html: {}
ubongmarshalinwang/public/index.html: Using EditorConfig core...
ubongmarshalinwang/k8s-deployment.yaml: {}
ubongmarshalinwang/k8s-deployment.yaml: Using EditorConfig core...
ubongmarshalinwang/k8s-deployment.yaml: Using EditorConfig core...
ubongmarshalinwang/mongo-secret.yaml: {}
ubongmarshalinwang/mongo-secret.yaml: Using EditorConfig core...
ubongmarshalinwang/mongo-secret.yaml: {}
ubongmarshalinwang/mongo-secret.yaml: {}
ubongmarshalinwang/mongo-secret.yaml: {}
ubongmarshalinwang/mongo-secret.yaml: {}
ubongmarshalinwang/mongo-secret.yaml: {}
ubongmarshalinwang/mongo-secret.yaml: {}
ubongmarshalinwang/mongo-secret.yaml: {}
ubongmarshalinwang/mongo-secret.yaml: {}
ubongmarshalinwang/mongo-secret.yaml: {}
ubongmarshalinwang/mongo-secret.yaml: {}
ubongmarshalinwang/mongo-secret.yaml: {}
ubongmarshalinwang/docker-compose.yaml: {}
ubongmarshalinwang/k8s-deployment.yaml: {}
ubongmarshalinwang/k8s-deployment.yaml: Using EditorConfig core...
ubongmarshalinwang/k8s-deployment.yaml: {}
ubongmarshalinwang/k8s-deployment.yaml: {}
ubongmarshalinwang/k8s-deployment.yaml: {}
ubongmarshalinwang/k8s-deployment.yaml: {}
ubongmarshalinwang/k8s-deployment.yaml: {}
ubongmarshalinwang/k8s-deployment.yaml: {}
ubongmarshalinwang/k8s-deployment.yaml: {}
ubongmarshalinwang/k8s-deployment.yaml: {}
ubongmarshalinwang/k8s-deployment.yaml: {}
ubongmarshalinwang/k8s-deployment.yaml: {}
ubongmarshalinwang/k8s-deployment.yaml: {}
ubongmarshalinwang/k8s-deployment.yaml: {}
ubongmarshalinwang/k8s-deployment.yaml: {}
ubongmarshalinwang/k8s-deployment.yaml: {}
ubongmarshalinwang/k8s-deployment.yaml: {}
ubongmarshalinwang/k8s-deployment.yaml: {}
ubongmarshalinwang/k8s-deployment.yaml: {}
ubongmarshalinwang/k8s-deployment.yaml: Using EditorConfig core...
ubongmarshalinwang/k8s-deployment.yaml: Using EditorConfig core...
ubongmarshalinwang/k8s-deployment.yaml: Using EditorConfig core...
ubongmarshalinwang/k8s-deployment.yaml: {}
ubongmarshalinwang/k8s-deployment.yaml: {}
ubongmarshalinwang/k8s-deployment.yaml: {}
ubongmarshalinwang/k8s-deployment.yaml: {}
ubongmarshalinwang/k8s-deployment.yaml: {}
ubongmarshalinwang/k8s-deployment.yaml: {}
ubongmarshalinwang/k8s-deployment.yaml: {}
ubongmarshalinwang/k8s-deployment.yaml: {}
ubongmarshalinwang/k8s-deployment.yaml: {}
ubongmarshalinwang/k8s-deployment.yaml: {}
ubongmarshalinwang/k8s-deployment.yaml: {}
ubongmarshalinwang/k8s-deployment.yaml: {}
ubongmarshalinwang/k8s-deployment.yaml: {}
ubongmarshalinwang/k8s-deployment.yaml: {}
ubongmarshalinwang/k8s-deployment.yaml: {}
ubongmarshalinwang/k8s-deployment.yaml: {}
ubongmarshalinwang/k8s-deployment.yaml: {}
ubongmarshalinwang/k8s-deployment.yaml: {}
ubongmarshalinwang/k8s-deployment.yaml: {}
ubongmarshalinwang/k8s-deployment.yaml: {}
ubongmarshalinwang/k8s-deployment.yaml: {}
ubongmarshalinwang/k8s-deployment.yaml: {}
ubongmarshalinwang/k8s-deployment.yaml: {}
ubongmarshalinwang/k8s-deployment.yaml: {}
ubongmarshalinwang/k8s-deployment.yaml: {}
ubongmarshalinwang/k8s-deployment.yaml: {}
ubongmarshalinwang/k8s-deployment.yaml: {}
ubongmarshalinwang/k8s-deployment.yaml: {}
ubongmarshalinwang/k8s-deployment.yaml: {}
ubongmarshalinwang/k8s-deployment.yaml: {}
ubongmarshalinwang/k8s-deployment.yaml: {}
ubongmarshalinwang/k8s-deployment.yaml: Using EditorConfig core...
ubongmarshalinwang/k8s-deployment.yaml: Using EditorConfig core...
ubongmarshalinwang/k8s-deployment.yaml: {}
ubongmarshalinwang/k8s-deployment.yaml: Using EditorConfig core...
ubongmarshalinwang/k8s-deployment.yaml: Using EditorConfig core...
ubongmarshalinwang/k8s-deployment.yaml: {}
ubongmarshalinwang/k8s-deployment.yaml: {}
ubongmarshalinwang/k8s-deployment.yaml: {}
ubongmarshalinwang/k8s-deployment.yaml: {}
ubongmarshalinwang/k8s-deployment.yaml: {}
ubongmarshalinwang/k8s-deployment.yaml: Using EditorConfig core...
ubongmarshalinwang/k8s-deployment.yaml: {}
ubongmarshalinwang/k8s-deployment.yaml: {}
ubongmarshalinwang/k8s-deployment.yaml: {}
ubongmarshalinwang/k8s-deployment.yaml: {}
ubongmarshalinwang/k8s-deployment.yaml: {}
ubongmarshalinwang/k8s-deployment.yaml: {}
ubongmarshalinwang/k8s-deployment.yaml: {}
ubongmarshalinwang/k8s-deployment.yaml: Using EditorConfig core...
ubongmarshalinwang/k8s-deployment.yaml: {}
ubongmarshalinwang/mongo-secret.yaml: {}
ubongmarshalinwang/mongo-secret.yaml: {}
ubongmarshalinwang/mongo-secret.yaml: {}
ubongmarshalinwang/mongo-secret.yaml: {}
ubongmarshalinwang/mongo-secret.yaml: {}
ubongmarshalinwang/mongo-secret.yaml: {}
ubongmarshalinwang/mongo-secret.yaml: {}
ubongmarshalinwang/mongo-secret.yaml: {}
ubongmarshalinwang/mongo-secret.yaml: {}
ubongmarshalinwang/mongo-secret.yaml: {}
ubongmarshalinwang/mongo-secret.yaml: {}
ubongmarshalinwang/mongo-secret.yaml: {}
ubongmarshalinwang/mongo-secret.yaml: {}
ubongmarshalinwang/mongo-secret.yaml: {}
ubongmarshalinwang/mongo-secret.yaml: {}
ubongmarshalinwang/mongo-secret.yaml: {}
ubongmarshalinwang/mongo-secret.yaml: {}
ubongmarshalinwang/mongo-secret.yaml: {}
ubongmarshalinwang/mongo-secret.yaml: {}
ubongmarshalinwang/mongo-secret.yaml: {}
ubongmarshalinwang/mongo-secret.yaml: {}
ubongmarshalinwang/mongo-secret.yaml: {}
ubongmarshalinwang/mongo-secret.yaml: {}
ubongmarshalinwang/mongo-secret.yaml: {}
ubongmarshalinwang/mongo-secret.yaml: {}
ubongmarshalinwang/mongo-secret.yaml: {}
ubongmarshalinwang/public/style.css: {}
ubongmarshalinwang/public/script.js: {}
ubongmarshalinwang/public/script.js: {}
ubongmarshalinwang/k8s-deployment.yaml: {}
ubongmarshalinwang/k8s-deployment.yaml: {}
ubongmarshalinwang/mongo-secret.yaml: {}
ubongmarshalinwang/mongo-secret.yaml: {}
ubongmarshalinwang/.env: {}
ubongmarshalinwang/.env: {}
ubongmarshalinwang/.env: {}
ubongmarshalinwang/docker-compose.yaml: {}
ubongmarshalinwang/docker-compose.yaml: {}
ubongmarshalinwang/docker-compose.yaml: {}
ubongmarshalinwang/docker-compose.yaml: {}
ubongmarshalinwang/docker-compose.yaml: {}
ubongmarshalinwang/docker-compose.yaml: {}
ubongmarshalinwang/public/script.js: {}
ubongmarshalinwang/application.js: {}
ubongmarshalinwang/application.js: {}
ubongmarshalinwang/application.js: {}
ubongmarshalinwang/public/script.js: {}
ubongmarshalinwang/application.js: {}
ubongmarshalinwang/application.js: {}
ubongmarshalinwang/application.js: Using EditorConfig core...
ubongmarshalinwang/application.js: Using EditorConfig core...
ubongmarshalinwang/application.js: {}
ubongmarshalinwang/application.js: {}
ubongmarshalinwang/application.js: {}
ubongmarshalinwang/application.js: {}
ubongmarshalinwang/application.js: {}
ubongmarshalinwang/application.js: {}
ubongmarshalinwang/application.js: {}
ubongmarshalinwang/application.js: {}
ubongmarshalinwang/.env: {}
ubongmarshalinwang/application.js: {}
ubongmarshalinwang/application.js: {}
ubongmarshalinwang/application.js: {}
ubongmarshalinwang/application.js: {}
ubongmarshalinwang/application.js: {}
ubongmarshalinwang/application.js: {}
ubongmarshalinwang/application.js: {}
ubongmarshalinwang/application.js: {}
ubongmarshalinwang/application.js: {}
ubongmarshalinwang/application.js: {}
ubongmarshalinwang/application.js: {}
ubongmarshalinwang/application.js: {}
ubongmarshalinwang/application.js: {}
ubongmarshalinwang/application.js: {}
ubongmarshalinwang/application.js: {}
ubongmarshalinwang/application.js: {}
ubongmarshalinwang/application.js: {}
