2025-05-14 10:57:22.137 [info] [main] Log level: Info
2025-05-14 10:57:22.137 [info] [main] Validating found git in: "git"
2025-05-14 10:57:22.137 [info] [main] Using git "2.43.0" from "git"
2025-05-14 10:57:22.137 [info] [Model][doInitialScan] Initial repository scan started
2025-05-14 10:57:22.137 [info] > git rev-parse --show-toplevel [3ms]
2025-05-14 10:57:22.137 [info] fatal: not a git repository (or any parent up to mount point /)
Stopping at filesystem boundary (GIT_DISCOVERY_ACROSS_FILESYSTEM not set).
2025-05-14 10:57:22.137 [info] > git rev-parse --show-toplevel [2ms]
2025-05-14 10:57:22.137 [info] fatal: not a git repository (or any parent up to mount point /)
Stopping at filesystem boundary (GIT_DISCOVERY_ACROSS_FILESYSTEM not set).
2025-05-14 10:57:22.137 [info] > git rev-parse --show-toplevel [2ms]
2025-05-14 10:57:22.137 [info] fatal: not a git repository (or any parent up to mount point /)
Stopping at filesystem boundary (GIT_DISCOVERY_ACROSS_FILESYSTEM not set).
2025-05-14 10:57:22.137 [info] > git rev-parse --show-toplevel [3ms]
2025-05-14 10:57:22.137 [info] fatal: not a git repository (or any parent up to mount point /)
Stopping at filesystem boundary (GIT_DISCOVERY_ACROSS_FILESYSTEM not set).
2025-05-14 10:57:22.137 [info] > git rev-parse --show-toplevel [2ms]
2025-05-14 10:57:22.137 [info] fatal: not a git repository (or any parent up to mount point /)
Stopping at filesystem boundary (GIT_DISCOVERY_ACROSS_FILESYSTEM not set).
2025-05-14 10:57:22.137 [info] > git rev-parse --show-toplevel [2ms]
2025-05-14 10:57:22.137 [info] fatal: not a git repository (or any parent up to mount point /)
Stopping at filesystem boundary (GIT_DISCOVERY_ACROSS_FILESYSTEM not set).
2025-05-14 10:57:22.137 [info] > git rev-parse --show-toplevel [2ms]
2025-05-14 10:57:22.137 [info] fatal: not a git repository (or any parent up to mount point /)
Stopping at filesystem boundary (GIT_DISCOVERY_ACROSS_FILESYSTEM not set).
2025-05-14 10:57:22.137 [info] > git rev-parse --show-toplevel [2ms]
2025-05-14 10:57:22.137 [info] fatal: not a git repository (or any parent up to mount point /)
Stopping at filesystem boundary (GIT_DISCOVERY_ACROSS_FILESYSTEM not set).
2025-05-14 10:57:22.137 [info] > git rev-parse --show-toplevel [2ms]
2025-05-14 10:57:22.137 [info] fatal: not a git repository (or any parent up to mount point /)
Stopping at filesystem boundary (GIT_DISCOVERY_ACROSS_FILESYSTEM not set).
2025-05-14 10:57:22.137 [info] [Model][doInitialScan] Initial repository scan completed - repositories (0), closed repositories (0), parent repositories (0), unsafe repositories (0)
2025-05-14 10:57:23.612 [info] > git rev-parse --show-toplevel [10ms]
2025-05-14 10:57:23.612 [info] fatal: not a git repository (or any parent up to mount point /)
Stopping at filesystem boundary (GIT_DISCOVERY_ACROSS_FILESYSTEM not set).
2025-05-14 10:57:30.799 [info] > git rev-parse --show-toplevel [4ms]
2025-05-14 10:57:30.799 [info] fatal: not a git repository (or any parent up to mount point /)
Stopping at filesystem boundary (GIT_DISCOVERY_ACROSS_FILESYSTEM not set).
2025-05-14 10:57:41.162 [info] > git rev-parse --show-toplevel [8ms]
2025-05-14 10:57:41.162 [info] fatal: not a git repository (or any parent up to mount point /)
Stopping at filesystem boundary (GIT_DISCOVERY_ACROSS_FILESYSTEM not set).
