2025-05-14 17:18:53.463 [info] Reading sessions from keychain...
2025-05-14 17:18:53.463 [info] Getting sessions for all scopes...
2025-05-14 17:18:53.463 [info] Got 0 sessions for ...
2025-05-14 17:18:53.550 [info] Getting sessions for read:user,repo,user:email,workflow...
2025-05-14 17:18:53.550 [info] Got 0 sessions for read:user,repo,user:email,workflow...
2025-05-14 17:18:55.643 [info] Logging in with 'any' account...
2025-05-14 17:18:55.644 [info] Logging in for the following scopes: read:user repo user:email workflow
2025-05-14 17:18:55.818 [info] Trying device code flow... (read:user repo user:email workflow)
2025-05-14 17:21:09.673 [error] Timed out
2025-05-14 17:22:09.041 [info] Trying to retrieve PAT... (read:user repo user:email workflow)
2025-05-14 17:23:20.869 [info] Getting token scopes...
2025-05-14 17:23:21.223 [info] Getting user info...
2025-05-14 17:23:21.587 [info] Got account info!
2025-05-14 17:23:21.588 [info] Storing 1 sessions...
2025-05-14 17:23:21.681 [info] Reading sessions from keychain...
2025-05-14 17:23:21.681 [info] Stored 1 sessions!
2025-05-14 17:23:21.681 [info] Login success!
2025-05-14 17:23:21.781 [info] Got stored sessions!
2025-05-14 17:23:21.781 [info] Got 1 verified sessions.
2025-05-14 17:23:22.494 [info] Getting sessions for read:user,repo,user:email,workflow...
2025-05-14 17:23:22.495 [info] Got 1 sessions for read:user,repo,user:email,workflow...
