2025-05-14 11:18:29.646 [info] [main] Log level: Info
2025-05-14 11:18:29.646 [info] [main] Validating found git in: "git"
2025-05-14 11:18:29.646 [info] [main] Using git "2.43.0" from "git"
2025-05-14 11:18:29.646 [info] [Model][doInitialScan] Initial repository scan started
2025-05-14 11:18:29.646 [info] > git rev-parse --show-toplevel [5ms]
2025-05-14 11:18:29.646 [info] fatal: not a git repository (or any parent up to mount point /)
Stopping at filesystem boundary (GIT_DISCOVERY_ACROSS_FILESYSTEM not set).
2025-05-14 11:18:29.646 [info] > git rev-parse --show-toplevel [2ms]
2025-05-14 11:18:29.646 [info] fatal: not a git repository (or any parent up to mount point /)
Stopping at filesystem boundary (GIT_DISCOVERY_ACROSS_FILESYSTEM not set).
2025-05-14 11:18:29.646 [info] > git rev-parse --show-toplevel [2ms]
2025-05-14 11:18:29.646 [info] fatal: not a git repository (or any parent up to mount point /)
Stopping at filesystem boundary (GIT_DISCOVERY_ACROSS_FILESYSTEM not set).
2025-05-14 11:18:29.646 [info] > git rev-parse --show-toplevel [3ms]
2025-05-14 11:18:29.646 [info] fatal: not a git repository (or any parent up to mount point /)
Stopping at filesystem boundary (GIT_DISCOVERY_ACROSS_FILESYSTEM not set).
2025-05-14 11:18:29.646 [info] > git rev-parse --show-toplevel [6ms]
2025-05-14 11:18:29.646 [info] fatal: not a git repository (or any parent up to mount point /)
Stopping at filesystem boundary (GIT_DISCOVERY_ACROSS_FILESYSTEM not set).
2025-05-14 11:18:29.646 [info] > git rev-parse --show-toplevel [1ms]
2025-05-14 11:18:29.646 [info] fatal: not a git repository (or any parent up to mount point /)
Stopping at filesystem boundary (GIT_DISCOVERY_ACROSS_FILESYSTEM not set).
2025-05-14 11:18:29.646 [info] > git rev-parse --show-toplevel [2ms]
2025-05-14 11:18:29.646 [info] fatal: not a git repository (or any parent up to mount point /)
Stopping at filesystem boundary (GIT_DISCOVERY_ACROSS_FILESYSTEM not set).
2025-05-14 11:18:29.646 [info] > git rev-parse --show-toplevel [2ms]
2025-05-14 11:18:29.646 [info] fatal: not a git repository (or any parent up to mount point /)
Stopping at filesystem boundary (GIT_DISCOVERY_ACROSS_FILESYSTEM not set).
2025-05-14 11:18:29.646 [info] > git rev-parse --show-toplevel [2ms]
2025-05-14 11:18:29.646 [info] fatal: not a git repository (or any parent up to mount point /)
Stopping at filesystem boundary (GIT_DISCOVERY_ACROSS_FILESYSTEM not set).
2025-05-14 11:18:29.646 [info] [Model][doInitialScan] Initial repository scan completed - repositories (0), closed repositories (0), parent repositories (0), unsafe repositories (0)
2025-05-14 11:18:36.281 [info] > git rev-parse --show-toplevel [4ms]
2025-05-14 11:18:36.281 [info] fatal: not a git repository (or any parent up to mount point /)
Stopping at filesystem boundary (GIT_DISCOVERY_ACROSS_FILESYSTEM not set).
2025-05-14 11:19:46.186 [info] > git rev-parse --show-toplevel [5ms]
2025-05-14 11:19:46.186 [info] fatal: not a git repository (or any parent up to mount point /)
Stopping at filesystem boundary (GIT_DISCOVERY_ACROSS_FILESYSTEM not set).
2025-05-14 11:23:24.798 [info] > git rev-parse --show-toplevel [9ms]
2025-05-14 11:23:24.817 [info] fatal: not a git repository (or any parent up to mount point /)
Stopping at filesystem boundary (GIT_DISCOVERY_ACROSS_FILESYSTEM not set).
2025-05-14 11:23:29.129 [info] > git rev-parse --show-toplevel [4ms]
2025-05-14 11:23:29.129 [info] fatal: not a git repository (or any parent up to mount point /)
Stopping at filesystem boundary (GIT_DISCOVERY_ACROSS_FILESYSTEM not set).
2025-05-14 11:23:40.351 [warning] [Model][getRepositoryExact] Failed to get repository realpath for: "/home/ubongmarshalinwang/.codeoss/extensions/.a6c02ac4-377d-401a-a5a6-e690583bae5f/node_modules/eslint/node_modules/run-async/". Error:Error: ENOENT: no such file or directory, realpath '/home/ubongmarshalinwang/.codeoss/extensions/.a6c02ac4-377d-401a-a5a6-e690583bae5f/node_modules/eslint/node_modules/run-async/'
2025-05-14 11:23:41.689 [warning] [Model][getRepositoryExact] Failed to get repository realpath for: "/home/ubongmarshalinwang/.codeoss/extensions/.a6c02ac4-377d-401a-a5a6-e690583bae5f/node_modules/resolve/". Error:Error: ENOENT: no such file or directory, realpath '/home/ubongmarshalinwang/.codeoss/extensions/.a6c02ac4-377d-401a-a5a6-e690583bae5f/node_modules/resolve/'
2025-05-14 11:23:41.700 [warning] [Model][getRepositoryExact] Failed to get repository realpath for: "/home/ubongmarshalinwang/.codeoss/extensions/.a6c02ac4-377d-401a-a5a6-e690583bae5f/node_modules/resolve/test/resolver/symlinked/_/symlink_target/". Error:Error: ENOENT: no such file or directory, realpath '/home/ubongmarshalinwang/.codeoss/extensions/.a6c02ac4-377d-401a-a5a6-e690583bae5f/node_modules/resolve/test/resolver/symlinked/_/symlink_target/'
2025-05-14 11:23:43.258 [warning] [Model][getRepositoryExact] Failed to get repository realpath for: "/home/ubongmarshalinwang/.codeoss/extensions/.a6c02ac4-377d-401a-a5a6-e690583bae5f/node_modules/d/". Error:Error: ENOENT: no such file or directory, realpath '/home/ubongmarshalinwang/.codeoss/extensions/.a6c02ac4-377d-401a-a5a6-e690583bae5f/node_modules/d/'
2025-05-14 11:23:43.267 [warning] [Model][getRepositoryExact] Failed to get repository realpath for: "/home/ubongmarshalinwang/.codeoss/extensions/.a6c02ac4-377d-401a-a5a6-e690583bae5f/node_modules/es5-ext/". Error:Error: ENOENT: no such file or directory, realpath '/home/ubongmarshalinwang/.codeoss/extensions/.a6c02ac4-377d-401a-a5a6-e690583bae5f/node_modules/es5-ext/'
2025-05-14 11:23:44.910 [warning] [Model][getRepositoryExact] Failed to get repository realpath for: "/home/ubongmarshalinwang/.codeoss/extensions/.a6c02ac4-377d-401a-a5a6-e690583bae5f/node_modules/es6-symbol/". Error:Error: ENOENT: no such file or directory, realpath '/home/ubongmarshalinwang/.codeoss/extensions/.a6c02ac4-377d-401a-a5a6-e690583bae5f/node_modules/es6-symbol/'
2025-05-14 11:23:45.573 [info] > git rev-parse --show-toplevel [2ms]
2025-05-14 11:23:45.573 [info] fatal: not a git repository (or any parent up to mount point /)
Stopping at filesystem boundary (GIT_DISCOVERY_ACROSS_FILESYSTEM not set).
2025-05-14 11:23:45.749 [warning] [Model][getRepositoryExact] Failed to get repository realpath for: "/home/ubongmarshalinwang/.codeoss/extensions/.a6c02ac4-377d-401a-a5a6-e690583bae5f/node_modules/ext/". Error:Error: ENOENT: no such file or directory, realpath '/home/ubongmarshalinwang/.codeoss/extensions/.a6c02ac4-377d-401a-a5a6-e690583bae5f/node_modules/ext/'
2025-05-14 11:23:45.758 [warning] [Model][getRepositoryExact] Failed to get repository realpath for: "/home/ubongmarshalinwang/.codeoss/extensions/.a6c02ac4-377d-401a-a5a6-e690583bae5f/node_modules/supports-preserve-symlinks-flag/". Error:Error: ENOENT: no such file or directory, realpath '/home/ubongmarshalinwang/.codeoss/extensions/.a6c02ac4-377d-401a-a5a6-e690583bae5f/node_modules/supports-preserve-symlinks-flag/'
2025-05-14 11:24:07.995 [info] > git rev-parse --show-toplevel [10ms]
2025-05-14 11:24:07.995 [info] fatal: not a git repository (or any parent up to mount point /)
Stopping at filesystem boundary (GIT_DISCOVERY_ACROSS_FILESYSTEM not set).
