2025-05-14 14:46:54.152 [info] Extension host with pid 1225 started
2025-05-14 14:46:54.152 [error] Error: EEXIST: file already exists, open '/home/ubongmarshalinwang/.codeoss/data/User/workspaceStorage/-695de0f3/vscode.lock'
2025-05-14 14:46:54.181 [info] Lock '/home/ubongmarshalinwang/.codeoss/data/User/workspaceStorage/-695de0f3/vscode.lock': Could not acquire lock, checking if the file is stale.
2025-05-14 14:46:54.192 [info] Lock '/home/ubongmarshalinwang/.codeoss/data/User/workspaceStorage/-695de0f3/vscode.lock': The pid 1397 appears to be gone.
2025-05-14 14:46:54.192 [info] Lock '/home/ubongmarshalinwang/.codeoss/data/User/workspaceStorage/-695de0f3/vscode.lock': Deleting a stale lock.
2025-05-14 14:46:54.206 [info] Lock '/home/ubongmarshalinwang/.codeoss/data/User/workspaceStorage/-695de0f3/vscode.lock': Lock acquired.
2025-05-14 14:46:54.487 [info] ExtensionService#_doActivateExtension vscode.emmet, startup: false, activationEvent: 'onLanguage'
2025-05-14 14:46:54.488 [info] ExtensionService#_doActivateExtension vscode.typescript-language-features, startup: false, activationEvent: 'onLanguage:javascript'
2025-05-14 14:46:55.009 [info] ExtensionService#_doActivateExtension vscode.git-base, startup: true, activationEvent: '*', root cause: vscode.git
2025-05-14 14:46:55.034 [info] ExtensionService#_doActivateExtension vscode.npm, startup: true, activationEvent: 'workspaceContains:package.json'
2025-05-14 14:46:55.817 [info] ExtensionService#_doActivateExtension vscode.git, startup: true, activationEvent: '*'
2025-05-14 14:46:55.824 [info] ExtensionService#_doActivateExtension vscode.github, startup: true, activationEvent: '*'
2025-05-14 14:47:02.015 [info] Not activating extension 'redhat.java': Timed out while searching for 'workspaceContains' pattern */pom.xml,*/build.gradle,*/settings.gradle,*/build.gradle.kts,*/settings.gradle.kts,*/.classpath
2025-05-14 14:47:02.024 [info] Not activating extension 'vscjava.vscode-java-dependency': Timed out while searching for 'workspaceContains' pattern */pom.xml,*/build.gradle,*/settings.gradle,*/build.gradle.kts,*/settings.gradle.kts,*/.classpath
2025-05-14 14:47:02.024 [info] Not activating extension 'vscjava.vscode-java-test': Timed out while searching for 'workspaceContains' pattern */pom.xml,*/build.gradle,*/settings.gradle,*/build.gradle.kts,*/settings.gradle.kts,*/.classpath
2025-05-14 14:47:02.024 [info] Not activating extension 'vscjava.vscode-maven': Timed out while searching for 'workspaceContains' pattern **/pom.xml
2025-05-14 14:47:02.139 [info] Eager extensions activated
2025-05-14 14:47:02.142 [info] ExtensionService#_doActivateExtension EditorConfig.EditorConfig, startup: false, activationEvent: 'onStartupFinished'
2025-05-14 14:47:02.149 [info] ExtensionService#_doActivateExtension google.cloud-shell, startup: false, activationEvent: 'onStartupFinished'
2025-05-14 14:47:02.150 [info] ExtensionService#_doActivateExtension google.geminicodeassist, startup: false, activationEvent: 'onStartupFinished', root cause: googlecloudtools.cloudcode
2025-05-14 14:47:02.157 [info] ExtensionService#_doActivateExtension vscode.debug-auto-launch, startup: false, activationEvent: 'onStartupFinished'
2025-05-14 14:47:02.159 [info] ExtensionService#_doActivateExtension vscode.merge-conflict, startup: false, activationEvent: 'onStartupFinished'
2025-05-14 14:47:07.318 [info] ExtensionService#_doActivateExtension vscode.configuration-editing, startup: false, activationEvent: 'onLanguage:jsonc'
2025-05-14 14:47:07.319 [info] ExtensionService#_doActivateExtension vscode.json-language-features, startup: false, activationEvent: 'onLanguage:jsonc'
2025-05-14 14:47:28.173 [info] ExtensionService#_doActivateExtension vscode.extension-editing, startup: false, activationEvent: 'onLanguage:json'
2025-05-14 14:47:53.634 [error] unauthorized. cloudshell.authorize {"value":"google.cloud-shell","_lower":"google.cloud-shell"}
2025-05-14 14:47:53.682 [info] ExtensionService#_doActivateExtension googlecloudtools.cloudcode, startup: false, activationEvent: 'onStartupFinished'
2025-05-14 14:48:01.576 [error] unauthorized. cloudshell.authorize {"value":"google.cloud-shell","_lower":"google.cloud-shell"}
2025-05-14 14:48:11.900 [error] unauthorized. cloudshell.authorize {"value":"google.cloud-shell","_lower":"google.cloud-shell"}
2025-05-14 15:39:56.426 [info] ExtensionService#_doActivateExtension vscode.simple-browser, startup: false, activationEvent: 'onOpenExternalUri:https'
2025-05-14 16:55:50.325 [warning] [Decorations] CAPPING events from decorations provider vscode.git 2992
2025-05-14 16:55:50.976 [warning] [Decorations] CAPPING events from decorations provider vscode.git 2992
2025-05-14 16:55:53.134 [warning] [Decorations] CAPPING events from decorations provider vscode.git 2992
2025-05-14 16:55:58.236 [warning] [Decorations] CAPPING events from decorations provider vscode.git 2992
2025-05-14 16:56:03.407 [warning] [Decorations] CAPPING events from decorations provider vscode.git 2992
2025-05-14 16:56:08.514 [warning] [Decorations] CAPPING events from decorations provider vscode.git 2992
2025-05-14 16:56:13.621 [warning] [Decorations] CAPPING events from decorations provider vscode.git 2992
2025-05-14 16:57:10.151 [warning] [Decorations] CAPPING events from decorations provider vscode.git 2992
2025-05-14 16:57:15.261 [warning] [Decorations] CAPPING events from decorations provider vscode.git 2992
2025-05-14 16:57:37.380 [warning] [Decorations] CAPPING events from decorations provider vscode.git 2992
2025-05-14 16:57:42.751 [warning] [Decorations] CAPPING events from decorations provider vscode.git 2992
2025-05-14 16:57:43.421 [warning] [Decorations] CAPPING events from decorations provider vscode.git 2992
